Replace Part J1 JUMP_3WAY in C:\Users\Ryan\Real Documents\Engineering Projects\IEEE-Robot\IEEE_Robot_Mainboard\Main.SchDoc with JUMP_3WAY from PBL - Pads and Jumpers.SCHLIB
Replace Part J2 JUMP_3WAY in C:\Users\Ryan\Real Documents\Engineering Projects\IEEE-Robot\IEEE_Robot_Mainboard\Main.SchDoc with JUMP_3WAY from PBL - Pads and Jumpers.SCHLIB
Replace Part J3 JUMP_3WAY in C:\Users\Ryan\Real Documents\Engineering Projects\IEEE-Robot\IEEE_Robot_Mainboard\Main.SchDoc with JUMP_3WAY from PBL - Pads and Jumpers.SCHLIB
Replace Part J4 JUMP_3WAY in C:\Users\Ryan\Real Documents\Engineering Projects\IEEE-Robot\IEEE_Robot_Mainboard\Main.SchDoc with JUMP_3WAY from PBL - Pads and Jumpers.SCHLIB
Replace Part J5 JST PND 8 PIN in C:\Users\Ryan\Real Documents\Engineering Projects\IEEE-Robot\IEEE_Robot_Mainboard\Main.SchDoc with JST PND 8 PIN from TH Connectors.SchLib
Replace Part J6 JST PND 8 PIN in C:\Users\Ryan\Real Documents\Engineering Projects\IEEE-Robot\IEEE_Robot_Mainboard\Main.SchDoc with JST PND 8 PIN from TH Connectors.SchLib
Replace Part J7 JST PND 8 PIN in C:\Users\Ryan\Real Documents\Engineering Projects\IEEE-Robot\IEEE_Robot_Mainboard\Main.SchDoc with JST PND 8 PIN from TH Connectors.SchLib
Replace Part J8 CONN_SOCKET_2x20P_0.100in  Rpi Female in C:\Users\Ryan\Real Documents\Engineering Projects\IEEE-Robot\IEEE_Robot_Mainboard\Main.SchDoc with CONN_SOCKET_2x20P_0.100in  Rpi Female from PBL - Connectors.SCHLIB
Replace Part J9 JUMP_3WAY in C:\Users\Ryan\Real Documents\Engineering Projects\IEEE-Robot\IEEE_Robot_Mainboard\Main.SchDoc with JUMP_3WAY from PBL - Pads and Jumpers.SCHLIB
Replace Part J10 JST PND 8 PIN in C:\Users\Ryan\Real Documents\Engineering Projects\IEEE-Robot\IEEE_Robot_Mainboard\Main.SchDoc with JST PND 8 PIN from TH Connectors.SchLib
Replace Part J11 JUMP_3WAY in C:\Users\Ryan\Real Documents\Engineering Projects\IEEE-Robot\IEEE_Robot_Mainboard\Main.SchDoc with JUMP_3WAY from PBL - Pads and Jumpers.SCHLIB
Replace Part J12 JUMP_3WAY in C:\Users\Ryan\Real Documents\Engineering Projects\IEEE-Robot\IEEE_Robot_Mainboard\Main.SchDoc with JUMP_3WAY from PBL - Pads and Jumpers.SCHLIB
Replace Part J13 JUMP_3WAY in C:\Users\Ryan\Real Documents\Engineering Projects\IEEE-Robot\IEEE_Robot_Mainboard\Main.SchDoc with JUMP_3WAY from PBL - Pads and Jumpers.SCHLIB
Replace Part J14 JUMP_3WAY in C:\Users\Ryan\Real Documents\Engineering Projects\IEEE-Robot\IEEE_Robot_Mainboard\Main.SchDoc with JUMP_3WAY from PBL - Pads and Jumpers.SCHLIB
Replace Part J15 JUMP_3WAY in C:\Users\Ryan\Real Documents\Engineering Projects\IEEE-Robot\IEEE_Robot_Mainboard\Main.SchDoc with JUMP_3WAY from PBL - Pads and Jumpers.SCHLIB
Replace Part J16 JUMP_3WAY in C:\Users\Ryan\Real Documents\Engineering Projects\IEEE-Robot\IEEE_Robot_Mainboard\Main.SchDoc with JUMP_3WAY from PBL - Pads and Jumpers.SCHLIB
Replace Part J17 JUMP_3WAY in C:\Users\Ryan\Real Documents\Engineering Projects\IEEE-Robot\IEEE_Robot_Mainboard\Main.SchDoc with JUMP_3WAY from PBL - Pads and Jumpers.SCHLIB
Replace Part LED1 LED_SMD_Green_0603_525nm_350mcd in C:\Users\Ryan\Real Documents\Engineering Projects\IEEE-Robot\IEEE_Robot_Mainboard\Main.SchDoc with LED_SMD_Green_0603_525nm_350mcd from PBL - Light Sources.SCHLIB
Replace Part LED2 LED_SMD_Green_0603_525nm_350mcd in C:\Users\Ryan\Real Documents\Engineering Projects\IEEE-Robot\IEEE_Robot_Mainboard\Main.SchDoc with LED_SMD_Green_0603_525nm_350mcd from PBL - Light Sources.SCHLIB
Replace Part LED3 LED_SMD_Green_0603_525nm_350mcd in C:\Users\Ryan\Real Documents\Engineering Projects\IEEE-Robot\IEEE_Robot_Mainboard\Main.SchDoc with LED_SMD_Green_0603_525nm_350mcd from PBL - Light Sources.SCHLIB
Replace Part LED4 LED_SMD_Green_0603_525nm_350mcd in C:\Users\Ryan\Real Documents\Engineering Projects\IEEE-Robot\IEEE_Robot_Mainboard\Main.SchDoc with LED_SMD_Green_0603_525nm_350mcd from PBL - Light Sources.SCHLIB
Replace Part LED5 LED_SMD_Green_0603_525nm_350mcd in C:\Users\Ryan\Real Documents\Engineering Projects\IEEE-Robot\IEEE_Robot_Mainboard\Main.SchDoc with LED_SMD_Green_0603_525nm_350mcd from PBL - Light Sources.SCHLIB
Replace Part LED6 LED_SMD_Green_0603_525nm_350mcd in C:\Users\Ryan\Real Documents\Engineering Projects\IEEE-Robot\IEEE_Robot_Mainboard\Main.SchDoc with LED_SMD_Green_0603_525nm_350mcd from PBL - Light Sources.SCHLIB
Replace Part LED7 LED_SMD_Green_0603_525nm_350mcd in C:\Users\Ryan\Real Documents\Engineering Projects\IEEE-Robot\IEEE_Robot_Mainboard\Main.SchDoc with LED_SMD_Green_0603_525nm_350mcd from PBL - Light Sources.SCHLIB
Replace Part LED8 LED_SMD_Green_0603_525nm_350mcd in C:\Users\Ryan\Real Documents\Engineering Projects\IEEE-Robot\IEEE_Robot_Mainboard\Main.SchDoc with LED_SMD_Green_0603_525nm_350mcd from PBL - Light Sources.SCHLIB
Replace Part R8 RES_1K_0603_1% in C:\Users\Ryan\Real Documents\Engineering Projects\IEEE-Robot\IEEE_Robot_Mainboard\Main.SchDoc with RES_1K_0603_1% from PBL - Resistors.SCHLIB
Replace Part R9 RES_1K_0603_1% in C:\Users\Ryan\Real Documents\Engineering Projects\IEEE-Robot\IEEE_Robot_Mainboard\Main.SchDoc with RES_1K_0603_1% from PBL - Resistors.SCHLIB
Replace Part R10 RES_1K_0603_1% in C:\Users\Ryan\Real Documents\Engineering Projects\IEEE-Robot\IEEE_Robot_Mainboard\Main.SchDoc with RES_1K_0603_1% from PBL - Resistors.SCHLIB
Replace Part R11 RES_200R_0603_5% in C:\Users\Ryan\Real Documents\Engineering Projects\IEEE-Robot\IEEE_Robot_Mainboard\Main.SchDoc with RES_200R_0603_5% from PBL - Resistors.SCHLIB
Replace Part R12 RES_200R_0603_5% in C:\Users\Ryan\Real Documents\Engineering Projects\IEEE-Robot\IEEE_Robot_Mainboard\Main.SchDoc with RES_200R_0603_5% from PBL - Resistors.SCHLIB
Replace Part R13 RES_200R_0603_5% in C:\Users\Ryan\Real Documents\Engineering Projects\IEEE-Robot\IEEE_Robot_Mainboard\Main.SchDoc with RES_200R_0603_5% from PBL - Resistors.SCHLIB
Replace Part R14 RES_200R_0603_5% in C:\Users\Ryan\Real Documents\Engineering Projects\IEEE-Robot\IEEE_Robot_Mainboard\Main.SchDoc with RES_200R_0603_5% from PBL - Resistors.SCHLIB
Replace Part R15 RES_200R_0603_5% in C:\Users\Ryan\Real Documents\Engineering Projects\IEEE-Robot\IEEE_Robot_Mainboard\Main.SchDoc with RES_200R_0603_5% from PBL - Resistors.SCHLIB
Replace Part R16 RES_200R_0603_5% in C:\Users\Ryan\Real Documents\Engineering Projects\IEEE-Robot\IEEE_Robot_Mainboard\Main.SchDoc with RES_200R_0603_5% from PBL - Resistors.SCHLIB
Replace Part R17 RES_200R_0603_5% in C:\Users\Ryan\Real Documents\Engineering Projects\IEEE-Robot\IEEE_Robot_Mainboard\Main.SchDoc with RES_200R_0603_5% from PBL - Resistors.SCHLIB
Replace Part R18 RES_200R_0603_5% in C:\Users\Ryan\Real Documents\Engineering Projects\IEEE-Robot\IEEE_Robot_Mainboard\Main.SchDoc with RES_200R_0603_5% from PBL - Resistors.SCHLIB
Replace Part U2 Arduino Pro Mini in C:\Users\Ryan\Real Documents\Engineering Projects\IEEE-Robot\IEEE_Robot_Mainboard\Main.SchDoc with Arduino Pro Mini from RyanMasterLib.SchLib
Replace Part U3 PCA9554 in C:\Users\Ryan\Real Documents\Engineering Projects\IEEE-Robot\IEEE_Robot_Mainboard\Main.SchDoc with PCA9554 from IC Digital.SchLib
Replace Part U4 PCA9685 in C:\Users\Ryan\Real Documents\Engineering Projects\IEEE-Robot\IEEE_Robot_Mainboard\Main.SchDoc with PCA9685 from IC Digital.SchLib
