Change Component DesignItemId : Designator=C42 Old DesignItemId=CAPC_100n_0603_X7R_50V_10% New DesignItemId=CAPC_1u_0603_X7R_16V_10%
Change Component Description : Designator=C42 Old Description=Capacitor SMD Cer 100nF 10% 50V X7R 0603 New Description=Capacitor SMD Cer 1uF 10% 16V X7R 0603
Added Component: Designator=C64(CAPC2012X135N)
Added Component: Designator=U11(BNO-055)
Added Pin To Net: NetName=3.3V Pin=C64-1
Added Pin To Net: NetName=GND Pin=C64-2
Added Pin To Net: NetName=GND Pin=U11-1
Added Pin To Net: NetName=3.3V Pin=U11-2
Added Pin To Net: NetName=SCL Pin=U11-4
Added Pin To Net: NetName=SDA Pin=U11-5
Added Pin To Net: NetName=GND Pin=U11-8
Added Pin To Net: NetName=GND Pin=U11-9
Added Pin To Net: NetName=GND Pin=U11-10
Added Pin To Net: NetName=IMU_INT Pin=J8-18
Added Pin To Net: NetName=IMU_INT Pin=U11-6
Added Net: Name=IMU_INT
Added Pin To Net: NetName=IMU_RST Pin=J8-16
Added Pin To Net: NetName=IMU_RST Pin=U11-7
Added Net: Name=IMU_RST
Added Member To Class: ClassName=Main Member=Component C64 approved sub OK
Added Member To Class: ClassName=Main Member=Component U11 BNO_055
