Removed Pin From Net: NetName=A_OUT Pin=Q1_MC1-S
Removed Pin From Net: NetName=A_OUT Pin=Q1_MC1-S
Removed Pin From Net: NetName=A_OUT Pin=Q1_MC1-S
Removed Pin From Net: NetName=A_OUT Pin=Q1_MC2-S
Removed Pin From Net: NetName=A_OUT Pin=Q1_MC2-S
Removed Pin From Net: NetName=A_OUT Pin=Q1_MC2-S
Removed Pin From Net: NetName=A_OUT Pin=Q1_MC3-S
Removed Pin From Net: NetName=A_OUT Pin=Q1_MC3-S
Removed Pin From Net: NetName=A_OUT Pin=Q1_MC3-S
Removed Pin From Net: NetName=B_OUT Pin=Q2_MC1-S
Removed Pin From Net: NetName=B_OUT Pin=Q2_MC1-S
Removed Pin From Net: NetName=B_OUT Pin=Q2_MC1-S
Removed Pin From Net: NetName=B_OUT Pin=Q2_MC2-S
Removed Pin From Net: NetName=B_OUT Pin=Q2_MC2-S
Removed Pin From Net: NetName=B_OUT Pin=Q2_MC2-S
Removed Pin From Net: NetName=B_OUT Pin=Q2_MC3-S
Removed Pin From Net: NetName=B_OUT Pin=Q2_MC3-S
Removed Pin From Net: NetName=B_OUT Pin=Q2_MC3-S
Removed Pin From Net: NetName=A_OUT Pin=Q3_MC1-D
Removed Pin From Net: NetName=A_OUT Pin=Q3_MC1-D
Removed Pin From Net: NetName=A_OUT Pin=Q3_MC1-D
Removed Pin From Net: NetName=A_OUT Pin=Q3_MC1-D
Removed Pin From Net: NetName=A_OUT Pin=Q3_MC1-D
Removed Pin From Net: NetName=A_OUT Pin=Q3_MC2-D
Removed Pin From Net: NetName=A_OUT Pin=Q3_MC2-D
Removed Pin From Net: NetName=A_OUT Pin=Q3_MC2-D
Removed Pin From Net: NetName=A_OUT Pin=Q3_MC2-D
Removed Pin From Net: NetName=A_OUT Pin=Q3_MC2-D
Removed Pin From Net: NetName=A_OUT Pin=Q3_MC3-D
Removed Pin From Net: NetName=A_OUT Pin=Q3_MC3-D
Removed Pin From Net: NetName=A_OUT Pin=Q3_MC3-D
Removed Pin From Net: NetName=A_OUT Pin=Q3_MC3-D
Removed Pin From Net: NetName=A_OUT Pin=Q3_MC3-D
Removed Pin From Net: NetName=B_OUT Pin=Q4_MC1-D
Removed Pin From Net: NetName=B_OUT Pin=Q4_MC1-D
Removed Pin From Net: NetName=B_OUT Pin=Q4_MC1-D
Removed Pin From Net: NetName=B_OUT Pin=Q4_MC1-D
Removed Pin From Net: NetName=B_OUT Pin=Q4_MC1-D
Removed Pin From Net: NetName=B_OUT Pin=Q4_MC2-D
Removed Pin From Net: NetName=B_OUT Pin=Q4_MC2-D
Removed Pin From Net: NetName=B_OUT Pin=Q4_MC2-D
Removed Pin From Net: NetName=B_OUT Pin=Q4_MC2-D
Removed Pin From Net: NetName=B_OUT Pin=Q4_MC2-D
Removed Pin From Net: NetName=B_OUT Pin=Q4_MC3-D
Removed Pin From Net: NetName=B_OUT Pin=Q4_MC3-D
Removed Pin From Net: NetName=B_OUT Pin=Q4_MC3-D
Removed Pin From Net: NetName=B_OUT Pin=Q4_MC3-D
Removed Pin From Net: NetName=B_OUT Pin=Q4_MC3-D
Removed Pin From Net: NetName=A_OUT Pin=U1_MC1-7
Removed Pin From Net: NetName=B_OUT Pin=U1_MC1-9
Removed Pin From Net: NetName=A_OUT Pin=U1_MC2-7
Removed Pin From Net: NetName=B_OUT Pin=U1_MC2-9
Removed Pin From Net: NetName=A_OUT Pin=U1_MC3-7
Removed Pin From Net: NetName=B_OUT Pin=U1_MC3-9
Added Pin To Net: NetName=A_OUT1 Pin=Q1_MC1-S
Added Pin To Net: NetName=A_OUT1 Pin=Q1_MC1-S
Added Pin To Net: NetName=A_OUT1 Pin=Q1_MC1-S
Added Pin To Net: NetName=A_OUT2 Pin=Q1_MC2-S
Added Pin To Net: NetName=A_OUT2 Pin=Q1_MC2-S
Added Pin To Net: NetName=A_OUT2 Pin=Q1_MC2-S
Added Pin To Net: NetName=A_OUT3 Pin=Q1_MC3-S
Added Pin To Net: NetName=A_OUT3 Pin=Q1_MC3-S
Added Pin To Net: NetName=A_OUT3 Pin=Q1_MC3-S
Added Pin To Net: NetName=B_OUT1 Pin=Q2_MC1-S
Added Pin To Net: NetName=B_OUT1 Pin=Q2_MC1-S
Added Pin To Net: NetName=B_OUT1 Pin=Q2_MC1-S
Added Pin To Net: NetName=B_OUT2 Pin=Q2_MC2-S
Added Pin To Net: NetName=B_OUT2 Pin=Q2_MC2-S
Added Pin To Net: NetName=B_OUT2 Pin=Q2_MC2-S
Added Pin To Net: NetName=B_OUT3 Pin=Q2_MC3-S
Added Pin To Net: NetName=B_OUT3 Pin=Q2_MC3-S
Added Pin To Net: NetName=B_OUT3 Pin=Q2_MC3-S
Added Pin To Net: NetName=A_OUT1 Pin=Q3_MC1-D
Added Pin To Net: NetName=A_OUT1 Pin=Q3_MC1-D
Added Pin To Net: NetName=A_OUT1 Pin=Q3_MC1-D
Added Pin To Net: NetName=A_OUT1 Pin=Q3_MC1-D
Added Pin To Net: NetName=A_OUT1 Pin=Q3_MC1-D
Added Pin To Net: NetName=A_OUT2 Pin=Q3_MC2-D
Added Pin To Net: NetName=A_OUT2 Pin=Q3_MC2-D
Added Pin To Net: NetName=A_OUT2 Pin=Q3_MC2-D
Added Pin To Net: NetName=A_OUT2 Pin=Q3_MC2-D
Added Pin To Net: NetName=A_OUT2 Pin=Q3_MC2-D
Added Pin To Net: NetName=A_OUT3 Pin=Q3_MC3-D
Added Pin To Net: NetName=A_OUT3 Pin=Q3_MC3-D
Added Pin To Net: NetName=A_OUT3 Pin=Q3_MC3-D
Added Pin To Net: NetName=A_OUT3 Pin=Q3_MC3-D
Added Pin To Net: NetName=A_OUT3 Pin=Q3_MC3-D
Added Pin To Net: NetName=B_OUT1 Pin=Q4_MC1-D
Added Pin To Net: NetName=B_OUT1 Pin=Q4_MC1-D
Added Pin To Net: NetName=B_OUT1 Pin=Q4_MC1-D
Added Pin To Net: NetName=B_OUT1 Pin=Q4_MC1-D
Added Pin To Net: NetName=B_OUT1 Pin=Q4_MC1-D
Added Pin To Net: NetName=B_OUT2 Pin=Q4_MC2-D
Added Pin To Net: NetName=B_OUT2 Pin=Q4_MC2-D
Added Pin To Net: NetName=B_OUT2 Pin=Q4_MC2-D
Added Pin To Net: NetName=B_OUT2 Pin=Q4_MC2-D
Added Pin To Net: NetName=B_OUT2 Pin=Q4_MC2-D
Added Pin To Net: NetName=B_OUT3 Pin=Q4_MC3-D
Added Pin To Net: NetName=B_OUT3 Pin=Q4_MC3-D
Added Pin To Net: NetName=B_OUT3 Pin=Q4_MC3-D
Added Pin To Net: NetName=B_OUT3 Pin=Q4_MC3-D
Added Pin To Net: NetName=B_OUT3 Pin=Q4_MC3-D
Added Pin To Net: NetName=MODE1 Pin=U1_MC1-2
Added Pin To Net: NetName=A_OUT1 Pin=U1_MC1-7
Added Pin To Net: NetName=B_OUT1 Pin=U1_MC1-9
Added Pin To Net: NetName=AIOUT1 Pin=U1_MC1-15
Added Pin To Net: NetName=MODE2 Pin=U1_MC2-2
Added Pin To Net: NetName=A_OUT2 Pin=U1_MC2-7
Added Pin To Net: NetName=B_OUT2 Pin=U1_MC2-9
Added Pin To Net: NetName=AIOUT2 Pin=U1_MC2-15
Added Pin To Net: NetName=MODE3 Pin=U1_MC3-2
Added Pin To Net: NetName=A_OUT3 Pin=U1_MC3-7
Added Pin To Net: NetName=B_OUT3 Pin=U1_MC3-9
Added Pin To Net: NetName=AIOUT3 Pin=U1_MC3-15
Change Net Name : Old Net Name=A_OUT New Net Name=A_OUT4
Change Net Name : Old Net Name=B_OUT New Net Name=B_OUT4
Added Pin To Net: NetName=AIOUT4 Pin=U1_MC4-15
Added Net: Name=AIOUT4
Added Pin To Net: NetName=MODE4 Pin=U1_MC4-2
Added Net: Name=MODE4
Added Member To Class: ClassName=A_OUT[0..3] Member=Element[4]: A_OUT
Added Member To Class: ClassName=AIOUT[0..3] Member=Element[4]: AIOUT
Added Member To Class: ClassName=B_OUT[0..3] Member=Element[4]: B_OUT
Added Member To Class: ClassName=MODE[0..3] Member=Element[4]: MODE
