Change Component Footprint: Designator=U1_MC2 Old Footprint=QFN-20 New Footprint=QFN-20 - 8mil Pad Spacing
Change Component Footprint: Designator=U1_MC3 Old Footprint=QFN-20 New Footprint=QFN-20 - 8mil Pad Spacing
Change Component Footprint: Designator=U1_MC4 Old Footprint=QFN-20 New Footprint=QFN-20 - 8mil Pad Spacing
Added Component: Designator=TR1_MC1(TRIM3224)
Added Component: Designator=TR1_MC2(TRIM3224)
Added Component: Designator=TR1_MC3(TRIM3224)
Added Component: Designator=TR1_MC4(TRIM3224)
Added Pin To Net: NetName=ENABLE1 Pin=EN_MC1-A
Added Pin To Net: NetName=ENABLE2 Pin=EN_MC2-A
Added Pin To Net: NetName=ENABLE3 Pin=EN_MC3-A
Added Pin To Net: NetName=ENABLE4 Pin=EN_MC4-A
Added Pin To Net: NetName=PHASE1 Pin=PH_MC1-A
Added Pin To Net: NetName=PHASE2 Pin=PH_MC2-A
Added Pin To Net: NetName=PHASE3 Pin=PH_MC3-A
Added Pin To Net: NetName=PHASE4 Pin=PH_MC4-A
Added Pin To Net: NetName=GND Pin=TR1_MC1-1
Added Pin To Net: NetName=3.3V Pin=TR1_MC1-2
Added Pin To Net: NetName=GND Pin=TR1_MC2-1
Added Pin To Net: NetName=3.3V Pin=TR1_MC2-2
Added Pin To Net: NetName=GND Pin=TR1_MC3-1
Added Pin To Net: NetName=3.3V Pin=TR1_MC3-2
Added Pin To Net: NetName=GND Pin=TR1_MC4-1
Added Pin To Net: NetName=3.3V Pin=TR1_MC4-2
Added Pin To Net: NetName=NetTR1_MC1_W Pin=TR1_MC1-W
Added Pin To Net: NetName=NetTR1_MC1_W Pin=U1_MC1-17
Added Net: Name=NetTR1_MC1_W
Added Pin To Net: NetName=NetTR1_MC2_W Pin=TR1_MC2-W
Added Pin To Net: NetName=NetTR1_MC2_W Pin=U1_MC2-17
Added Net: Name=NetTR1_MC2_W
Added Pin To Net: NetName=NetTR1_MC3_W Pin=TR1_MC3-W
Added Pin To Net: NetName=NetTR1_MC3_W Pin=U1_MC3-17
Added Net: Name=NetTR1_MC3_W
Added Pin To Net: NetName=NetTR1_MC4_W Pin=TR1_MC4-W
Added Pin To Net: NetName=NetTR1_MC4_W Pin=U1_MC4-17
Added Net: Name=NetTR1_MC4_W
Added Member To Class: ClassName=Main Member=Component MODE1 Jumper
Added Member To Class: ClassName=MC1 Member=Component TR1_MC1 (TR1) 10k
Added Member To Class: ClassName=MC2 Member=Component TR1_MC2 (TR1) 10k
Added Member To Class: ClassName=MC3 Member=Component TR1_MC3 (TR1) 10k
Added Member To Class: ClassName=MC4 Member=Component TR1_MC4 (TR1) 10k
