Removed Pin From Net: NetName=NetQ3_MC1_S Pin=R?_MC1-1
Removed Pin From Net: NetName=NetQ3_MC2_S Pin=R?_MC2-1
Removed Pin From Net: NetName=NetQ3_MC3_S Pin=R?_MC3-1
Removed Pin From Net: NetName=NetQ3_MC4_S Pin=R?_MC4-1
Change Component Designator: OldDesignator=J? NewDesignator=J1
Change Component Designator: OldDesignator=J? NewDesignator=J2
Change Component Designator: OldDesignator=J? NewDesignator=J3
Change Component Designator: OldDesignator=J? NewDesignator=J4
Change Component Designator: OldDesignator=J? NewDesignator=J5
Change Component Designator: OldDesignator=J? NewDesignator=J6
Change Component Designator: OldDesignator=J? NewDesignator=J7
Change Component Designator: OldDesignator=J? NewDesignator=J8
Change Component Designator: OldDesignator=J? NewDesignator=J9
Change Component Designator: OldDesignator=R? NewDesignator=R8
Change Component Designator: OldDesignator=R? NewDesignator=R9
Change Component Designator: OldDesignator=R? NewDesignator=R10
Change Component Designator: OldDesignator=R?_MC1 NewDesignator=R4_MC1
Change Component Designator: OldDesignator=R?_MC1 NewDesignator=R5_MC1
Change Component Designator: OldDesignator=R?_MC1 NewDesignator=R6_MC1
Change Component Designator: OldDesignator=R?_MC1 NewDesignator=R7_MC1
Change Component Designator: OldDesignator=R?_MC2 NewDesignator=R4_MC2
Change Component Designator: OldDesignator=R?_MC2 NewDesignator=R5_MC2
Change Component Designator: OldDesignator=R?_MC2 NewDesignator=R6_MC2
Change Component Designator: OldDesignator=R?_MC2 NewDesignator=R7_MC2
Change Component Designator: OldDesignator=R?_MC3 NewDesignator=R4_MC3
Change Component Designator: OldDesignator=R?_MC3 NewDesignator=R5_MC3
Change Component Designator: OldDesignator=R?_MC3 NewDesignator=R6_MC3
Change Component Designator: OldDesignator=R?_MC3 NewDesignator=R7_MC3
Change Component Designator: OldDesignator=R?_MC4 NewDesignator=R4_MC4
Change Component Designator: OldDesignator=R?_MC4 NewDesignator=R5_MC4
Change Component Designator: OldDesignator=R?_MC4 NewDesignator=R6_MC4
Change Component Designator: OldDesignator=R?_MC4 NewDesignator=R7_MC4
Change Component Designator: OldDesignator=U? NewDesignator=U2
Added Pin To Net: NetName=NetQ1_MC1_G Pin=R4_MC1-1
Added Pin To Net: NetName=GND Pin=R4_MC1-2
Added Pin To Net: NetName=NetQ1_MC2_G Pin=R4_MC2-1
Added Pin To Net: NetName=GND Pin=R4_MC2-2
Added Pin To Net: NetName=NetQ1_MC3_G Pin=R4_MC3-1
Added Pin To Net: NetName=GND Pin=R4_MC3-2
Added Pin To Net: NetName=NetQ1_MC4_G Pin=R4_MC4-1
Added Pin To Net: NetName=GND Pin=R4_MC4-2
Added Pin To Net: NetName=NetQ2_MC1_G Pin=R5_MC1-1
Added Pin To Net: NetName=NetQ2_MC2_G Pin=R5_MC2-1
Added Pin To Net: NetName=NetQ2_MC3_G Pin=R5_MC3-1
Added Pin To Net: NetName=NetQ2_MC4_G Pin=R5_MC4-1
Added Pin To Net: NetName=NetQ3_MC1_G Pin=R6_MC1-1
Added Pin To Net: NetName=GND Pin=R6_MC1-2
Added Pin To Net: NetName=NetQ3_MC2_G Pin=R6_MC2-1
Added Pin To Net: NetName=GND Pin=R6_MC2-2
Added Pin To Net: NetName=NetQ3_MC3_G Pin=R6_MC3-1
Added Pin To Net: NetName=GND Pin=R6_MC3-2
Added Pin To Net: NetName=NetQ3_MC4_G Pin=R6_MC4-1
Added Pin To Net: NetName=GND Pin=R6_MC4-2
Added Pin To Net: NetName=NetQ3_MC1_S Pin=R7_MC1-1
Added Pin To Net: NetName=GND Pin=R7_MC1-2
Added Pin To Net: NetName=NetQ3_MC2_S Pin=R7_MC2-1
Added Pin To Net: NetName=GND Pin=R7_MC2-2
Added Pin To Net: NetName=NetQ3_MC3_S Pin=R7_MC3-1
Added Pin To Net: NetName=GND Pin=R7_MC3-2
Added Pin To Net: NetName=NetQ3_MC4_S Pin=R7_MC4-1
Added Pin To Net: NetName=GND Pin=R7_MC4-2
Change Net Name : Old Net Name=NetJ?_1 New Net Name=NetJ6_1
Change Net Name : Old Net Name=NetJ?_2 New Net Name=NetJ2_2
Change Net Name : Old Net Name=NetJ?_3 New Net Name=NetJ1_3
Change Net Name : Old Net Name=NetR?_2 New Net Name=NetR10_2
Added Pin To Net: NetName=NetJ6_2 Pin=J6-2
Added Pin To Net: NetName=NetJ6_2 Pin=R8-1
Added Net: Name=NetJ6_2
Added Pin To Net: NetName=NetJ8_2 Pin=J8-2
Added Pin To Net: NetName=NetJ8_2 Pin=R9-1
Added Net: Name=NetJ8_2
Added Pin To Net: NetName=NetJ9_2 Pin=J9-2
Added Pin To Net: NetName=NetJ9_2 Pin=R10-1
Added Net: Name=NetJ9_2
Added Pin To Net: NetName=NetR8_2 Pin=R8-2
Added Pin To Net: NetName=NetR8_2 Pin=U2-1
Added Net: Name=NetR8_2
Added Pin To Net: NetName=NetR9_2 Pin=R9-2
Added Pin To Net: NetName=NetR9_2 Pin=U2-2
Added Net: Name=NetR9_2
Added Member To Class: ClassName=Main Member=Component J1 Jumper
Added Member To Class: ClassName=Main Member=Component J2 B08B-PNDZS-1
Added Member To Class: ClassName=Main Member=Component J3 B08B-PNDZS-1
Added Member To Class: ClassName=Main Member=Component J4 B08B-PNDZS-1
Added Member To Class: ClassName=Main Member=Component J5 2223
Added Member To Class: ClassName=Main Member=Component J6 Jumper
Added Member To Class: ClassName=Main Member=Component J7 B08B-PNDZS-1
Added Member To Class: ClassName=Main Member=Component J8 Jumper
Added Member To Class: ClassName=MC1 Member=Component R4_MC1 (R4) Thick Film
Added Member To Class: ClassName=MC2 Member=Component R4_MC2 (R4) Thick Film
Added Member To Class: ClassName=MC3 Member=Component R4_MC3 (R4) Thick Film
Added Member To Class: ClassName=MC4 Member=Component R4_MC4 (R4) Thick Film
Added Member To Class: ClassName=MC1 Member=Component R5_MC1 (R5) Thick Film
Added Member To Class: ClassName=MC2 Member=Component R5_MC2 (R5) Thick Film
Added Member To Class: ClassName=MC3 Member=Component R5_MC3 (R5) Thick Film
Added Member To Class: ClassName=MC4 Member=Component R5_MC4 (R5) Thick Film
Added Member To Class: ClassName=MC1 Member=Component R6_MC1 (R6) Thick Film
Added Member To Class: ClassName=MC2 Member=Component R6_MC2 (R6) Thick Film
Added Member To Class: ClassName=MC3 Member=Component R6_MC3 (R6) Thick Film
Added Member To Class: ClassName=MC4 Member=Component R6_MC4 (R6) Thick Film
Added Member To Class: ClassName=Main Member=Component R8 Thick Film
Added Member To Class: ClassName=Main Member=Component R9 Thick Film
