Removed Pin From Net: NetName=B_OUT1 Pin=MTR0-1
Removed Pin From Net: NetName=B_OUT1 Pin=MTR0-3
Removed Pin From Net: NetName=A_OUT1 Pin=MTR0-5
Removed Pin From Net: NetName=A_OUT1 Pin=MTR0-7
Removed Pin From Net: NetName=B_OUT2 Pin=MTR1-1
Removed Pin From Net: NetName=B_OUT2 Pin=MTR1-3
Removed Pin From Net: NetName=A_OUT2 Pin=MTR1-5
Removed Pin From Net: NetName=A_OUT2 Pin=MTR1-7
Removed Pin From Net: NetName=B_OUT3 Pin=MTR2-1
Removed Pin From Net: NetName=B_OUT3 Pin=MTR2-3
Removed Pin From Net: NetName=A_OUT3 Pin=MTR2-5
Removed Pin From Net: NetName=A_OUT3 Pin=MTR2-7
Removed Pin From Net: NetName=B_OUT4 Pin=MTR3-1
Removed Pin From Net: NetName=B_OUT4 Pin=MTR3-3
Removed Pin From Net: NetName=A_OUT4 Pin=MTR3-5
Removed Pin From Net: NetName=A_OUT4 Pin=MTR3-7
Added Pin To Net: NetName=A_OUT1 Pin=MTR0-1
Added Pin To Net: NetName=A_OUT1 Pin=MTR0-3
Added Pin To Net: NetName=B_OUT1 Pin=MTR0-5
Added Pin To Net: NetName=B_OUT1 Pin=MTR0-7
Added Pin To Net: NetName=A_OUT2 Pin=MTR1-1
Added Pin To Net: NetName=A_OUT2 Pin=MTR1-3
Added Pin To Net: NetName=B_OUT2 Pin=MTR1-5
Added Pin To Net: NetName=B_OUT2 Pin=MTR1-7
Added Pin To Net: NetName=A_OUT3 Pin=MTR2-1
Added Pin To Net: NetName=A_OUT3 Pin=MTR2-3
Added Pin To Net: NetName=B_OUT3 Pin=MTR2-5
Added Pin To Net: NetName=B_OUT3 Pin=MTR2-7
Added Pin To Net: NetName=A_OUT4 Pin=MTR3-1
Added Pin To Net: NetName=A_OUT4 Pin=MTR3-3
Added Pin To Net: NetName=B_OUT4 Pin=MTR3-5
Added Pin To Net: NetName=B_OUT4 Pin=MTR3-7
Added Member To Class: ClassName=A_ENC[1..4] Member=Element[1]: A_ENC
Added Member To Class: ClassName=B_ENC[1..4] Member=Element[1]: B_ENC
