Removed Pin From Net: NetName=MODE1 Pin=MODE1-1
Removed Pin From Net: NetName=MODE2 Pin=MODE2-1
Removed Pin From Net: NetName=MODE3 Pin=MODE3-1
Removed Pin From Net: NetName=B_OUT1 Pin=MTR1-1
Removed Pin From Net: NetName=B_OUT1 Pin=MTR1-3
Removed Pin From Net: NetName=A_OUT1 Pin=MTR1-5
Removed Pin From Net: NetName=A_OUT1 Pin=MTR1-7
Removed Pin From Net: NetName=B_OUT2 Pin=MTR2-1
Removed Pin From Net: NetName=B_OUT2 Pin=MTR2-3
Removed Pin From Net: NetName=A_OUT2 Pin=MTR2-5
Removed Pin From Net: NetName=A_OUT2 Pin=MTR2-7
Removed Pin From Net: NetName=B_OUT3 Pin=MTR3-1
Removed Pin From Net: NetName=B_OUT3 Pin=MTR3-3
Removed Pin From Net: NetName=A_OUT3 Pin=MTR3-5
Removed Pin From Net: NetName=A_OUT3 Pin=MTR3-7
Removed Pin From Net: NetName=MODE1 Pin=R9-1
Removed Pin From Net: NetName=MODE2 Pin=R10-1
Removed Pin From Net: NetName=MODE3 Pin=R13-1
Removed Pin From Net: NetName=ENABLE1 Pin=U2-5
Removed Pin From Net: NetName=ENABLE2 Pin=U2-6
Removed Pin From Net: NetName=ENABLE3 Pin=U2-9
Removed Pin From Net: NetName=AIOUT3 Pin=U2-A2
Removed Pin From Net: NetName=AIOUT2 Pin=U2-A3
Removed Pin From Net: NetName=AIOUT1 Pin=U2-A6
Removed Pin From Net: NetName=PHASE1 Pin=U3-5
Removed Pin From Net: NetName=PHASE2 Pin=U3-6
Removed Pin From Net: NetName=PHASE3 Pin=U3-7
Removed Member From Class: ClassName=A_ENC[0..3] Member=A_ENC0
Removed Member From Class: ClassName=A_OUT[0..3] Member=A_OUT0
Removed Member From Class: ClassName=AIOUT[0..3] Member=AIOUT0
Removed Member From Class: ClassName=B_ENC[0..3] Member=B_ENC0
Removed Member From Class: ClassName=B_OUT[0..3] Member=B_OUT0
Removed Member From Class: ClassName=ENABLE[0..3] Member=ENABLE0
Removed Member From Class: ClassName=MODE[0..3] Member=MODE0
Removed Member From Class: ClassName=PHASE[0..3] Member=PHASE0
Change Component Designator: OldDesignator=MODE0 NewDesignator=MODE1
Change Component Designator: OldDesignator=MODE1 NewDesignator=MODE2
Change Component Designator: OldDesignator=MODE2 NewDesignator=MODE3
Change Component Designator: OldDesignator=MODE3 NewDesignator=MODE4
Added Pin To Net: NetName=MODE1 Pin=MODE1-1
Added Pin To Net: NetName=MODE2 Pin=MODE2-1
Added Pin To Net: NetName=MODE3 Pin=MODE3-1
Added Pin To Net: NetName=MODE4 Pin=MODE4-1
Added Pin To Net: NetName=B_OUT1 Pin=MTR0-1
Added Pin To Net: NetName=B_OUT1 Pin=MTR0-3
Added Pin To Net: NetName=A_OUT1 Pin=MTR0-5
Added Pin To Net: NetName=A_OUT1 Pin=MTR0-7
Added Pin To Net: NetName=B_OUT2 Pin=MTR1-1
Added Pin To Net: NetName=B_OUT2 Pin=MTR1-3
Added Pin To Net: NetName=A_OUT2 Pin=MTR1-5
Added Pin To Net: NetName=A_OUT2 Pin=MTR1-7
Added Pin To Net: NetName=B_OUT3 Pin=MTR2-1
Added Pin To Net: NetName=B_OUT3 Pin=MTR2-3
Added Pin To Net: NetName=A_OUT3 Pin=MTR2-5
Added Pin To Net: NetName=A_OUT3 Pin=MTR2-7
Added Pin To Net: NetName=B_OUT4 Pin=MTR3-1
Added Pin To Net: NetName=B_OUT4 Pin=MTR3-3
Added Pin To Net: NetName=A_OUT4 Pin=MTR3-5
Added Pin To Net: NetName=A_OUT4 Pin=MTR3-7
Added Pin To Net: NetName=MODE1 Pin=R8-1
Added Pin To Net: NetName=MODE2 Pin=R9-1
Added Pin To Net: NetName=MODE3 Pin=R10-1
Added Pin To Net: NetName=MODE4 Pin=R13-1
Added Pin To Net: NetName=ENABLE1 Pin=U2-3
Added Pin To Net: NetName=ENABLE2 Pin=U2-5
Added Pin To Net: NetName=ENABLE3 Pin=U2-6
Added Pin To Net: NetName=ENABLE4 Pin=U2-9
Added Pin To Net: NetName=AIOUT4 Pin=U2-A2
Added Pin To Net: NetName=AIOUT3 Pin=U2-A3
Added Pin To Net: NetName=AIOUT2 Pin=U2-A6
Added Pin To Net: NetName=AIOUT1 Pin=U2-A7
Added Pin To Net: NetName=PHASE1 Pin=U3-4
Added Pin To Net: NetName=PHASE2 Pin=U3-5
Added Pin To Net: NetName=PHASE3 Pin=U3-6
Added Pin To Net: NetName=PHASE4 Pin=U3-7
Change Net Name : Old Net Name=A_ENC0 New Net Name=A_ENC1
Change Net Name : Old Net Name=A_ENC1 New Net Name=A_ENC2
Change Net Name : Old Net Name=A_ENC2 New Net Name=A_ENC3
Change Net Name : Old Net Name=A_ENC3 New Net Name=A_ENC4
Change Net Name : Old Net Name=B_ENC0 New Net Name=B_ENC1
Change Net Name : Old Net Name=B_ENC1 New Net Name=B_ENC2
Change Net Name : Old Net Name=B_ENC2 New Net Name=B_ENC3
Change Net Name : Old Net Name=B_ENC3 New Net Name=B_ENC4
Change Class Name : Old Net Name=A_ENC[0..3] New Net Name=A_ENC[1..4]
Change Class Name : Old Net Name=A_OUT[0..3] New Net Name=A_OUT[1..4]
Change Class Name : Old Net Name=AIOUT[0..3] New Net Name=AIOUT[1..4]
Change Class Name : Old Net Name=B_ENC[0..3] New Net Name=B_ENC[1..4]
Change Class Name : Old Net Name=B_OUT[0..3] New Net Name=B_OUT[1..4]
Change Class Name : Old Net Name=ENABLE[0..3] New Net Name=ENABLE[1..4]
Change Class Name : Old Net Name=MODE[0..3] New Net Name=MODE[1..4]
Change Class Name : Old Net Name=PHASE[0..3] New Net Name=PHASE[1..4]
Added Member To Class: ClassName=A_ENC[1..4] Member=Element[4]: A_ENC
Added Member To Class: ClassName=B_ENC[1..4] Member=Element[4]: B_ENC
