Removed Pin From Net: NetName=NetC1_+ Pin=C1-+
Removed Pin From Net: NetName=GND Pin=C1--
Removed Pin From Net: NetName=NetC1_+ Pin=C2-1
Removed Pin From Net: NetName=GND Pin=C2-2
Removed Pin From Net: NetName=NetC3_1 Pin=C3-1
Removed Pin From Net: NetName=NetC3_2 Pin=C3-2
Removed Pin From Net: NetName=NetC4_1 Pin=C4-1
Removed Pin From Net: NetName=GND Pin=C4-2
Removed Pin From Net: NetName=NetC5_1 Pin=C5-1
Removed Pin From Net: NetName=NetC1_+ Pin=C5-2
Removed Pin From Net: NetName=NetC1_+ Pin=Q1-D
Removed Pin From Net: NetName=NetC1_+ Pin=Q1-D
Removed Pin From Net: NetName=NetC1_+ Pin=Q1-D
Removed Pin From Net: NetName=NetC1_+ Pin=Q1-D
Removed Pin From Net: NetName=NetC1_+ Pin=Q1-D
Removed Pin From Net: NetName=NetQ1_G Pin=Q1-G
Removed Pin From Net: NetName=NetQ1_S Pin=Q1-S
Removed Pin From Net: NetName=NetQ1_S Pin=Q1-S
Removed Pin From Net: NetName=NetQ1_S Pin=Q1-S
Removed Pin From Net: NetName=NetC1_+ Pin=Q2-D
Removed Pin From Net: NetName=NetC1_+ Pin=Q2-D
Removed Pin From Net: NetName=NetC1_+ Pin=Q2-D
Removed Pin From Net: NetName=NetC1_+ Pin=Q2-D
Removed Pin From Net: NetName=NetC1_+ Pin=Q2-D
Removed Pin From Net: NetName=NetQ2_G Pin=Q2-G
Removed Pin From Net: NetName=NetQ1_S Pin=Q3-D
Removed Pin From Net: NetName=NetQ1_S Pin=Q3-D
Removed Pin From Net: NetName=NetQ1_S Pin=Q3-D
Removed Pin From Net: NetName=NetQ1_S Pin=Q3-D
Removed Pin From Net: NetName=NetQ1_S Pin=Q3-D
Removed Pin From Net: NetName=NetQ3_G Pin=Q3-G
Removed Pin From Net: NetName=NetQ3_S Pin=Q3-S
Removed Pin From Net: NetName=NetQ3_S Pin=Q3-S
Removed Pin From Net: NetName=NetQ3_S Pin=Q3-S
Removed Pin From Net: NetName=NetQ3_S Pin=Q4-S
Removed Pin From Net: NetName=NetQ3_S Pin=Q4-S
Removed Pin From Net: NetName=NetQ3_S Pin=Q4-S
Removed Pin From Net: NetName=GND Pin=R1-1
Removed Pin From Net: NetName=NetC4_1 Pin=R2-1
Removed Pin From Net: NetName=GND Pin=R2-2
Removed Pin From Net: NetName=NetQ3_S Pin=R3-1
Removed Pin From Net: NetName=GND Pin=R3-2
Removed Pin From Net: NetName=NetQ3_S Pin=U1-3
Removed Pin From Net: NetName=NetQ3_G Pin=U1-4
Removed Pin From Net: NetName=NetQ1_G Pin=U1-6
Removed Pin From Net: NetName=NetQ1_S Pin=U1-7
Removed Pin From Net: NetName=NetQ2_G Pin=U1-8
Removed Pin From Net: NetName=NetC5_1 Pin=U1-10
Removed Pin From Net: NetName=NetC3_1 Pin=U1-11
Removed Pin From Net: NetName=NetC1_+ Pin=U1-12
Removed Pin From Net: NetName=NetC3_2 Pin=U1-13
Removed Pin From Net: NetName=GND Pin=U1-14
Removed Pin From Net: NetName=NetC4_1 Pin=U1-20
Removed Pin From Net: NetName=GND Pin=U1-21
Removed Member From Class: ClassName=Motor_Control Member=C1
Removed Member From Class: ClassName=Motor_Control Member=C2
Removed Member From Class: ClassName=Motor_Control Member=C3
Removed Member From Class: ClassName=Motor_Control Member=C4
Removed Member From Class: ClassName=Motor_Control Member=C5
Removed Member From Class: ClassName=Motor_Control Member=Q1
Removed Member From Class: ClassName=Motor_Control Member=Q2
Removed Member From Class: ClassName=Motor_Control Member=Q3
Removed Member From Class: ClassName=Motor_Control Member=Q4
Removed Member From Class: ClassName=Motor_Control Member=R1
Removed Member From Class: ClassName=Motor_Control Member=R2
Removed Member From Class: ClassName=Motor_Control Member=R3
Removed Member From Class: ClassName=Motor_Control Member=U1
Added Component: Designator=C1_MC1(NICH 6.3mm 7.7mm)
Added Component: Designator=C1_MC2(NICH 6.3mm 7.7mm)
Added Component: Designator=C1_MC3(NICH 6.3mm 7.7mm)
Added Component: Designator=C1_MC4(NICH 6.3mm 7.7mm)
Added Component: Designator=C2_MC1(0805C-GENERIC)
Added Component: Designator=C2_MC2(0805C-GENERIC)
Added Component: Designator=C2_MC3(0805C-GENERIC)
Added Component: Designator=C2_MC4(0805C-GENERIC)
Added Component: Designator=C3_MC1(0603C-GENERIC)
Added Component: Designator=C3_MC2(0603C-GENERIC)
Added Component: Designator=C3_MC3(0603C-GENERIC)
Added Component: Designator=C3_MC4(0603C-GENERIC)
Added Component: Designator=C4_MC1(0603C-GENERIC)
Added Component: Designator=C4_MC2(0603C-GENERIC)
Added Component: Designator=C4_MC3(0603C-GENERIC)
Added Component: Designator=C4_MC4(0603C-GENERIC)
Added Component: Designator=C5_MC1(0603C-GENERIC)
Added Component: Designator=C5_MC2(0603C-GENERIC)
Added Component: Designator=C5_MC3(0603C-GENERIC)
Added Component: Designator=C5_MC4(0603C-GENERIC)
Added Component: Designator=J?(Jump_3Way)
Added Component: Designator=J?(Jump_3Way)
Added Component: Designator=J?(Jump_3Way)
Added Component: Designator=J?(Jump_3Way)
Added Component: Designator=J?(JST PND 8 Pin)
Added Component: Designator=J?(JST PND 8 Pin)
Added Component: Designator=J?(JST PND 8 Pin)
Added Component: Designator=J?(JST PND 8 Pin)
Added Component: Designator=J?(40P_PCB_SOCKET_BRD_MNT  REVERSE)
Added Component: Designator=Q1_MC1(1212-8 PowerPAK Single)
Added Component: Designator=Q1_MC2(1212-8 PowerPAK Single)
Added Component: Designator=Q1_MC3(1212-8 PowerPAK Single)
Added Component: Designator=Q1_MC4(1212-8 PowerPAK Single)
Added Component: Designator=Q2_MC1(1212-8 PowerPAK Single)
Added Component: Designator=Q2_MC2(1212-8 PowerPAK Single)
Added Component: Designator=Q2_MC3(1212-8 PowerPAK Single)
Added Component: Designator=Q2_MC4(1212-8 PowerPAK Single)
Added Component: Designator=Q3_MC1(1212-8 PowerPAK Single)
Added Component: Designator=Q3_MC2(1212-8 PowerPAK Single)
Added Component: Designator=Q3_MC3(1212-8 PowerPAK Single)
Added Component: Designator=Q3_MC4(1212-8 PowerPAK Single)
Added Component: Designator=Q4_MC1(1212-8 PowerPAK Single)
Added Component: Designator=Q4_MC2(1212-8 PowerPAK Single)
Added Component: Designator=Q4_MC3(1212-8 PowerPAK Single)
Added Component: Designator=Q4_MC4(1212-8 PowerPAK Single)
Added Component: Designator=R1_MC1(0603R-GENERIC)
Added Component: Designator=R1_MC2(0603R-GENERIC)
Added Component: Designator=R1_MC3(0603R-GENERIC)
Added Component: Designator=R1_MC4(0603R-GENERIC)
Added Component: Designator=R2_MC1(0603R-GENERIC)
Added Component: Designator=R2_MC2(0603R-GENERIC)
Added Component: Designator=R2_MC3(0603R-GENERIC)
Added Component: Designator=R2_MC4(0603R-GENERIC)
Added Component: Designator=R3_MC1(RESC_2512)
Added Component: Designator=R3_MC2(RESC_2512)
Added Component: Designator=R3_MC3(RESC_2512)
Added Component: Designator=R3_MC4(RESC_2512)
Added Component: Designator=R?_MC1(RESC1608X55N)
Added Component: Designator=R?_MC1(RESC1608X55N)
Added Component: Designator=R?_MC1(RESC1608X55N)
Added Component: Designator=R?_MC1(RESC1608X55N)
Added Component: Designator=R?_MC2(RESC1608X55N)
Added Component: Designator=R?_MC2(RESC1608X55N)
Added Component: Designator=R?_MC2(RESC1608X55N)
Added Component: Designator=R?_MC2(RESC1608X55N)
Added Component: Designator=R?_MC3(RESC1608X55N)
Added Component: Designator=R?_MC3(RESC1608X55N)
Added Component: Designator=R?_MC3(RESC1608X55N)
Added Component: Designator=R?_MC3(RESC1608X55N)
Added Component: Designator=R?_MC4(RESC1608X55N)
Added Component: Designator=R?_MC4(RESC1608X55N)
Added Component: Designator=R?_MC4(RESC1608X55N)
Added Component: Designator=R?_MC4(RESC1608X55N)
Added Component: Designator=R?(RESC1608X55N)
Added Component: Designator=R?(RESC1608X55N)
Added Component: Designator=R?(RESC1608X55N)
Added Component: Designator=U1_MC1(QFN-20)
Added Component: Designator=U1_MC2(QFN-20)
Added Component: Designator=U1_MC3(QFN-20)
Added Component: Designator=U1_MC4(QFN-20)
Added Component: Designator=U?(TSSOP65P640X120-16N)
Added Pin To Net: NetName=NetC1_+ Pin=C1_MC1-+
Added Pin To Net: NetName=GND Pin=C1_MC1--
Added Pin To Net: NetName=NetC1_+ Pin=C1_MC2-+
Added Pin To Net: NetName=GND Pin=C1_MC2--
Added Pin To Net: NetName=NetC1_+ Pin=C1_MC3-+
Added Pin To Net: NetName=GND Pin=C1_MC3--
Added Pin To Net: NetName=NetC1_+ Pin=C1_MC4-+
Added Pin To Net: NetName=GND Pin=C1_MC4--
Added Pin To Net: NetName=NetC1_+ Pin=C2_MC1-1
Added Pin To Net: NetName=GND Pin=C2_MC1-2
Added Pin To Net: NetName=NetC1_+ Pin=C2_MC2-1
Added Pin To Net: NetName=GND Pin=C2_MC2-2
Added Pin To Net: NetName=NetC1_+ Pin=C2_MC3-1
Added Pin To Net: NetName=GND Pin=C2_MC3-2
Added Pin To Net: NetName=NetC1_+ Pin=C2_MC4-1
Added Pin To Net: NetName=GND Pin=C2_MC4-2
Added Pin To Net: NetName=NetC3_1 Pin=C3_MC1-1
Added Pin To Net: NetName=NetC3_2 Pin=C3_MC1-2
Added Pin To Net: NetName=NetC4_1 Pin=C4_MC1-1
Added Pin To Net: NetName=GND Pin=C4_MC1-2
Added Pin To Net: NetName=GND Pin=C4_MC2-2
Added Pin To Net: NetName=GND Pin=C4_MC3-2
Added Pin To Net: NetName=GND Pin=C4_MC4-2
Added Pin To Net: NetName=NetC5_1 Pin=C5_MC1-1
Added Pin To Net: NetName=NetC1_+ Pin=C5_MC1-2
Added Pin To Net: NetName=NetC1_+ Pin=C5_MC2-2
Added Pin To Net: NetName=NetC1_+ Pin=C5_MC3-2
Added Pin To Net: NetName=NetC1_+ Pin=C5_MC4-2
Added Pin To Net: NetName=GND Pin=J?-1
Added Pin To Net: NetName=GND Pin=J?-3
Added Pin To Net: NetName=GND Pin=J?-3
Added Pin To Net: NetName=GND Pin=J?-3
Added Pin To Net: NetName=GND Pin=J?-4
Added Pin To Net: NetName=GND Pin=J?-4
Added Pin To Net: NetName=GND Pin=J?-4
Added Pin To Net: NetName=GND Pin=J?-4
Added Pin To Net: NetName=GND Pin=J?-6
Added Pin To Net: NetName=GND Pin=J?-9
Added Pin To Net: NetName=GND Pin=J?-14
Added Pin To Net: NetName=GND Pin=J?-20
Added Pin To Net: NetName=GND Pin=J?-25
Added Pin To Net: NetName=GND Pin=J?-30
Added Pin To Net: NetName=GND Pin=J?-34
Added Pin To Net: NetName=GND Pin=J?-39
Added Pin To Net: NetName=NetC1_+ Pin=Q1_MC1-D
Added Pin To Net: NetName=NetC1_+ Pin=Q1_MC1-D
Added Pin To Net: NetName=NetC1_+ Pin=Q1_MC1-D
Added Pin To Net: NetName=NetC1_+ Pin=Q1_MC1-D
Added Pin To Net: NetName=NetC1_+ Pin=Q1_MC1-D
Added Pin To Net: NetName=NetQ1_G Pin=Q1_MC1-G
Added Pin To Net: NetName=NetC1_+ Pin=Q1_MC2-D
Added Pin To Net: NetName=NetC1_+ Pin=Q1_MC2-D
Added Pin To Net: NetName=NetC1_+ Pin=Q1_MC2-D
Added Pin To Net: NetName=NetC1_+ Pin=Q1_MC2-D
Added Pin To Net: NetName=NetC1_+ Pin=Q1_MC2-D
Added Pin To Net: NetName=NetC1_+ Pin=Q1_MC3-D
Added Pin To Net: NetName=NetC1_+ Pin=Q1_MC3-D
Added Pin To Net: NetName=NetC1_+ Pin=Q1_MC3-D
Added Pin To Net: NetName=NetC1_+ Pin=Q1_MC3-D
Added Pin To Net: NetName=NetC1_+ Pin=Q1_MC3-D
Added Pin To Net: NetName=NetC1_+ Pin=Q1_MC4-D
Added Pin To Net: NetName=NetC1_+ Pin=Q1_MC4-D
Added Pin To Net: NetName=NetC1_+ Pin=Q1_MC4-D
Added Pin To Net: NetName=NetC1_+ Pin=Q1_MC4-D
Added Pin To Net: NetName=NetC1_+ Pin=Q1_MC4-D
Added Pin To Net: NetName=NetC1_+ Pin=Q2_MC1-D
Added Pin To Net: NetName=NetC1_+ Pin=Q2_MC1-D
Added Pin To Net: NetName=NetC1_+ Pin=Q2_MC1-D
Added Pin To Net: NetName=NetC1_+ Pin=Q2_MC1-D
Added Pin To Net: NetName=NetC1_+ Pin=Q2_MC1-D
Added Pin To Net: NetName=NetQ2_G Pin=Q2_MC1-G
Added Pin To Net: NetName=NetQ1_S Pin=Q2_MC1-S
Added Pin To Net: NetName=NetQ1_S Pin=Q2_MC1-S
Added Pin To Net: NetName=NetQ1_S Pin=Q2_MC1-S
Added Pin To Net: NetName=NetC1_+ Pin=Q2_MC2-D
Added Pin To Net: NetName=NetC1_+ Pin=Q2_MC2-D
Added Pin To Net: NetName=NetC1_+ Pin=Q2_MC2-D
Added Pin To Net: NetName=NetC1_+ Pin=Q2_MC2-D
Added Pin To Net: NetName=NetC1_+ Pin=Q2_MC2-D
Added Pin To Net: NetName=NetQ1_S Pin=Q2_MC2-S
Added Pin To Net: NetName=NetQ1_S Pin=Q2_MC2-S
Added Pin To Net: NetName=NetQ1_S Pin=Q2_MC2-S
Added Pin To Net: NetName=NetC1_+ Pin=Q2_MC3-D
Added Pin To Net: NetName=NetC1_+ Pin=Q2_MC3-D
Added Pin To Net: NetName=NetC1_+ Pin=Q2_MC3-D
Added Pin To Net: NetName=NetC1_+ Pin=Q2_MC3-D
Added Pin To Net: NetName=NetC1_+ Pin=Q2_MC3-D
Added Pin To Net: NetName=NetQ1_S Pin=Q2_MC3-S
Added Pin To Net: NetName=NetQ1_S Pin=Q2_MC3-S
Added Pin To Net: NetName=NetQ1_S Pin=Q2_MC3-S
Added Pin To Net: NetName=NetC1_+ Pin=Q2_MC4-D
Added Pin To Net: NetName=NetC1_+ Pin=Q2_MC4-D
Added Pin To Net: NetName=NetC1_+ Pin=Q2_MC4-D
Added Pin To Net: NetName=NetC1_+ Pin=Q2_MC4-D
Added Pin To Net: NetName=NetC1_+ Pin=Q2_MC4-D
Added Pin To Net: NetName=NetQ1_S Pin=Q2_MC4-S
Added Pin To Net: NetName=NetQ1_S Pin=Q2_MC4-S
Added Pin To Net: NetName=NetQ1_S Pin=Q2_MC4-S
Added Pin To Net: NetName=NetQ3_G Pin=Q3_MC1-G
Added Pin To Net: NetName=NetQ3_S Pin=Q3_MC1-S
Added Pin To Net: NetName=NetQ3_S Pin=Q3_MC1-S
Added Pin To Net: NetName=NetQ3_S Pin=Q3_MC1-S
Added Pin To Net: NetName=NetQ1_S Pin=Q4_MC1-D
Added Pin To Net: NetName=NetQ1_S Pin=Q4_MC1-D
Added Pin To Net: NetName=NetQ1_S Pin=Q4_MC1-D
Added Pin To Net: NetName=NetQ1_S Pin=Q4_MC1-D
Added Pin To Net: NetName=NetQ1_S Pin=Q4_MC1-D
Added Pin To Net: NetName=NetQ3_S Pin=Q4_MC1-G
Added Pin To Net: NetName=NetQ3_S Pin=Q4_MC1-S
Added Pin To Net: NetName=NetQ3_S Pin=Q4_MC1-S
Added Pin To Net: NetName=NetQ3_S Pin=Q4_MC1-S
Added Pin To Net: NetName=NetQ1_S Pin=Q4_MC2-D
Added Pin To Net: NetName=NetQ1_S Pin=Q4_MC2-D
Added Pin To Net: NetName=NetQ1_S Pin=Q4_MC2-D
Added Pin To Net: NetName=NetQ1_S Pin=Q4_MC2-D
Added Pin To Net: NetName=NetQ1_S Pin=Q4_MC2-D
Added Pin To Net: NetName=NetQ1_S Pin=Q4_MC3-D
Added Pin To Net: NetName=NetQ1_S Pin=Q4_MC3-D
Added Pin To Net: NetName=NetQ1_S Pin=Q4_MC3-D
Added Pin To Net: NetName=NetQ1_S Pin=Q4_MC3-D
Added Pin To Net: NetName=NetQ1_S Pin=Q4_MC3-D
Added Pin To Net: NetName=NetQ1_S Pin=Q4_MC4-D
Added Pin To Net: NetName=NetQ1_S Pin=Q4_MC4-D
Added Pin To Net: NetName=NetQ1_S Pin=Q4_MC4-D
Added Pin To Net: NetName=NetQ1_S Pin=Q4_MC4-D
Added Pin To Net: NetName=NetQ1_S Pin=Q4_MC4-D
Added Pin To Net: NetName=GND Pin=R1_MC1-1
Added Pin To Net: NetName=GND Pin=R1_MC2-1
Added Pin To Net: NetName=GND Pin=R1_MC3-1
Added Pin To Net: NetName=GND Pin=R1_MC4-1
Added Pin To Net: NetName=NetC4_1 Pin=R2_MC1-1
Added Pin To Net: NetName=GND Pin=R2_MC1-2
Added Pin To Net: NetName=GND Pin=R2_MC2-2
Added Pin To Net: NetName=GND Pin=R2_MC3-2
Added Pin To Net: NetName=GND Pin=R2_MC4-2
Added Pin To Net: NetName=NetQ3_S Pin=R3_MC1-1
Added Pin To Net: NetName=GND Pin=R3_MC1-2
Added Pin To Net: NetName=GND Pin=R3_MC2-2
Added Pin To Net: NetName=GND Pin=R3_MC3-2
Added Pin To Net: NetName=GND Pin=R3_MC4-2
Added Pin To Net: NetName=NetQ1_G Pin=R?_MC1-1
Added Pin To Net: NetName=NetQ2_G Pin=R?_MC1-1
Added Pin To Net: NetName=NetQ3_G Pin=R?_MC1-1
Added Pin To Net: NetName=NetQ3_S Pin=R?_MC1-1
Added Pin To Net: NetName=GND Pin=R?_MC1-2
Added Pin To Net: NetName=GND Pin=R?_MC1-2
Added Pin To Net: NetName=GND Pin=R?_MC1-2
Added Pin To Net: NetName=GND Pin=R?_MC1-2
Added Pin To Net: NetName=GND Pin=R?_MC2-2
Added Pin To Net: NetName=GND Pin=R?_MC2-2
Added Pin To Net: NetName=GND Pin=R?_MC2-2
Added Pin To Net: NetName=GND Pin=R?_MC2-2
Added Pin To Net: NetName=GND Pin=R?_MC3-2
Added Pin To Net: NetName=GND Pin=R?_MC3-2
Added Pin To Net: NetName=GND Pin=R?_MC3-2
Added Pin To Net: NetName=GND Pin=R?_MC3-2
Added Pin To Net: NetName=GND Pin=R?_MC4-2
Added Pin To Net: NetName=GND Pin=R?_MC4-2
Added Pin To Net: NetName=GND Pin=R?_MC4-2
Added Pin To Net: NetName=GND Pin=R?_MC4-2
Added Pin To Net: NetName=NetQ3_S Pin=U1_MC1-3
Added Pin To Net: NetName=NetQ3_G Pin=U1_MC1-4
Added Pin To Net: NetName=NetQ3_S Pin=U1_MC1-5
Added Pin To Net: NetName=NetQ1_G Pin=U1_MC1-6
Added Pin To Net: NetName=NetQ2_G Pin=U1_MC1-8
Added Pin To Net: NetName=NetQ1_S Pin=U1_MC1-9
Added Pin To Net: NetName=NetC5_1 Pin=U1_MC1-10
Added Pin To Net: NetName=NetC3_1 Pin=U1_MC1-11
Added Pin To Net: NetName=NetC1_+ Pin=U1_MC1-12
Added Pin To Net: NetName=NetC3_2 Pin=U1_MC1-13
Added Pin To Net: NetName=GND Pin=U1_MC1-14
Added Pin To Net: NetName=NetC4_1 Pin=U1_MC1-20
Added Pin To Net: NetName=GND Pin=U1_MC1-21
Added Pin To Net: NetName=NetQ1_S Pin=U1_MC2-9
Added Pin To Net: NetName=NetC1_+ Pin=U1_MC2-12
Added Pin To Net: NetName=GND Pin=U1_MC2-14
Added Pin To Net: NetName=GND Pin=U1_MC2-21
Added Pin To Net: NetName=NetQ1_S Pin=U1_MC3-9
Added Pin To Net: NetName=NetC1_+ Pin=U1_MC3-12
Added Pin To Net: NetName=GND Pin=U1_MC3-14
Added Pin To Net: NetName=GND Pin=U1_MC3-21
Added Pin To Net: NetName=NetQ1_S Pin=U1_MC4-9
Added Pin To Net: NetName=NetC1_+ Pin=U1_MC4-12
Added Pin To Net: NetName=GND Pin=U1_MC4-14
Added Pin To Net: NetName=GND Pin=U1_MC4-21
Change Net Name : Old Net Name=NetC1_+ New Net Name=NetC1_MC1_+
Change Net Name : Old Net Name=NetC3_1 New Net Name=NetC3_MC1_1
Change Net Name : Old Net Name=NetC3_2 New Net Name=NetC3_MC1_2
Change Net Name : Old Net Name=NetC4_1 New Net Name=NetC4_MC1_1
Change Net Name : Old Net Name=NetC5_1 New Net Name=NetC5_MC1_1
Change Net Name : Old Net Name=NetQ1_G New Net Name=NetQ1_MC1_G
Change Net Name : Old Net Name=NetQ1_S New Net Name=NetQ2_MC1_S
Change Net Name : Old Net Name=NetQ2_G New Net Name=NetQ2_MC1_G
Change Net Name : Old Net Name=NetQ3_G New Net Name=NetQ3_MC1_G
Change Net Name : Old Net Name=NetQ3_S New Net Name=NetQ3_MC1_S
Added Pin To Net: NetName=A_ENC0 Pin=J?-8
Added Net: Name=A_ENC0
Added Pin To Net: NetName=A_ENC1 Pin=J?-8
Added Net: Name=A_ENC1
Added Pin To Net: NetName=A_ENC2 Pin=J?-8
Added Net: Name=A_ENC2
Added Pin To Net: NetName=A_ENC3 Pin=J?-8
Added Net: Name=A_ENC3
Added Pin To Net: NetName=A_OUT0 Pin=J?-5
Added Pin To Net: NetName=A_OUT0 Pin=J?-7
Added Net: Name=A_OUT0
Added Pin To Net: NetName=A_OUT1 Pin=J?-5
Added Pin To Net: NetName=A_OUT1 Pin=J?-7
Added Net: Name=A_OUT1
Added Pin To Net: NetName=A_OUT2 Pin=J?-5
Added Pin To Net: NetName=A_OUT2 Pin=J?-7
Added Net: Name=A_OUT2
Added Pin To Net: NetName=A_OUT3 Pin=J?-5
Added Pin To Net: NetName=A_OUT3 Pin=J?-7
Added Net: Name=A_OUT3
Added Pin To Net: NetName=B_ENC0 Pin=J?-6
Added Net: Name=B_ENC0
Added Pin To Net: NetName=B_ENC1 Pin=J?-6
Added Net: Name=B_ENC1
Added Pin To Net: NetName=B_ENC2 Pin=J?-6
Added Net: Name=B_ENC2
Added Pin To Net: NetName=B_ENC3 Pin=J?-6
Added Net: Name=B_ENC3
Added Pin To Net: NetName=B_OUT0 Pin=J?-1
Added Pin To Net: NetName=B_OUT0 Pin=J?-3
Added Net: Name=B_OUT0
Added Pin To Net: NetName=B_OUT1 Pin=J?-1
Added Pin To Net: NetName=B_OUT1 Pin=J?-3
Added Net: Name=B_OUT1
Added Pin To Net: NetName=B_OUT2 Pin=J?-1
Added Pin To Net: NetName=B_OUT2 Pin=J?-3
Added Net: Name=B_OUT2
Added Pin To Net: NetName=B_OUT3 Pin=J?-1
Added Pin To Net: NetName=B_OUT3 Pin=J?-3
Added Net: Name=B_OUT3
Added Net: Name=EN0
Added Net: Name=EN1
Added Net: Name=EN2
Added Net: Name=EN3
Added Pin To Net: NetName=H_5V Pin=J?-2
Added Pin To Net: NetName=H_5V Pin=J?-4
Added Net: Name=H_5V
Added Pin To Net: NetName=MD3 Pin=J?-2
Added Net: Name=MD3
Added Net: Name=MTRC1
Added Net: Name=MTRC2
Added Net: Name=MTRC3
Added Pin To Net: NetName=NetC3_MC2_1 Pin=C3_MC2-1
Added Pin To Net: NetName=NetC3_MC2_1 Pin=U1_MC2-11
Added Net: Name=NetC3_MC2_1
Added Pin To Net: NetName=NetC3_MC2_2 Pin=C3_MC2-2
Added Pin To Net: NetName=NetC3_MC2_2 Pin=U1_MC2-13
Added Net: Name=NetC3_MC2_2
Added Pin To Net: NetName=NetC3_MC3_1 Pin=C3_MC3-1
Added Pin To Net: NetName=NetC3_MC3_1 Pin=U1_MC3-11
Added Net: Name=NetC3_MC3_1
Added Pin To Net: NetName=NetC3_MC3_2 Pin=C3_MC3-2
Added Pin To Net: NetName=NetC3_MC3_2 Pin=U1_MC3-13
Added Net: Name=NetC3_MC3_2
Added Pin To Net: NetName=NetC3_MC4_1 Pin=C3_MC4-1
Added Pin To Net: NetName=NetC3_MC4_1 Pin=U1_MC4-11
Added Net: Name=NetC3_MC4_1
Added Pin To Net: NetName=NetC3_MC4_2 Pin=C3_MC4-2
Added Pin To Net: NetName=NetC3_MC4_2 Pin=U1_MC4-13
Added Net: Name=NetC3_MC4_2
Added Pin To Net: NetName=NetC4_MC2_1 Pin=C4_MC2-1
Added Pin To Net: NetName=NetC4_MC2_1 Pin=R2_MC2-1
Added Pin To Net: NetName=NetC4_MC2_1 Pin=U1_MC2-20
Added Net: Name=NetC4_MC2_1
Added Pin To Net: NetName=NetC4_MC3_1 Pin=C4_MC3-1
Added Pin To Net: NetName=NetC4_MC3_1 Pin=R2_MC3-1
Added Pin To Net: NetName=NetC4_MC3_1 Pin=U1_MC3-20
Added Net: Name=NetC4_MC3_1
Added Pin To Net: NetName=NetC4_MC4_1 Pin=C4_MC4-1
Added Pin To Net: NetName=NetC4_MC4_1 Pin=R2_MC4-1
Added Pin To Net: NetName=NetC4_MC4_1 Pin=U1_MC4-20
Added Net: Name=NetC4_MC4_1
Added Pin To Net: NetName=NetC5_MC2_1 Pin=C5_MC2-1
Added Pin To Net: NetName=NetC5_MC2_1 Pin=U1_MC2-10
Added Net: Name=NetC5_MC2_1
Added Pin To Net: NetName=NetC5_MC3_1 Pin=C5_MC3-1
Added Pin To Net: NetName=NetC5_MC3_1 Pin=U1_MC3-10
Added Net: Name=NetC5_MC3_1
Added Pin To Net: NetName=NetC5_MC4_1 Pin=C5_MC4-1
Added Pin To Net: NetName=NetC5_MC4_1 Pin=U1_MC4-10
Added Net: Name=NetC5_MC4_1
Added Pin To Net: NetName=NetJ?_1 Pin=J?-1
Added Pin To Net: NetName=NetJ?_1 Pin=J?-1
Added Pin To Net: NetName=NetJ?_1 Pin=J?-1
Added Pin To Net: NetName=NetJ?_1 Pin=U?-16
Added Net: Name=NetJ?_1
Added Pin To Net: NetName=NetJ?_2 Pin=J?-2
Added Pin To Net: NetName=NetJ?_2 Pin=J?-2
Added Pin To Net: NetName=NetJ?_2 Pin=J?-2
Added Pin To Net: NetName=NetJ?_2 Pin=J?-2
Added Net: Name=NetJ?_2
Added Pin To Net: NetName=NetJ?_3 Pin=J?-3
Added Net: Name=NetJ?_3
Added Net: Name=NETLABEL100
Added Net: Name=NETLABEL101
Added Pin To Net: NetName=NetQ1_MC1_S Pin=Q1_MC1-S
Added Pin To Net: NetName=NetQ1_MC1_S Pin=Q1_MC1-S
Added Pin To Net: NetName=NetQ1_MC1_S Pin=Q1_MC1-S
Added Pin To Net: NetName=NetQ1_MC1_S Pin=Q1_MC2-S
Added Pin To Net: NetName=NetQ1_MC1_S Pin=Q1_MC2-S
Added Pin To Net: NetName=NetQ1_MC1_S Pin=Q1_MC2-S
Added Pin To Net: NetName=NetQ1_MC1_S Pin=Q1_MC3-S
Added Pin To Net: NetName=NetQ1_MC1_S Pin=Q1_MC3-S
Added Pin To Net: NetName=NetQ1_MC1_S Pin=Q1_MC3-S
Added Pin To Net: NetName=NetQ1_MC1_S Pin=Q1_MC4-S
Added Pin To Net: NetName=NetQ1_MC1_S Pin=Q1_MC4-S
Added Pin To Net: NetName=NetQ1_MC1_S Pin=Q1_MC4-S
Added Pin To Net: NetName=NetQ1_MC1_S Pin=Q3_MC1-D
Added Pin To Net: NetName=NetQ1_MC1_S Pin=Q3_MC1-D
Added Pin To Net: NetName=NetQ1_MC1_S Pin=Q3_MC1-D
Added Pin To Net: NetName=NetQ1_MC1_S Pin=Q3_MC1-D
Added Pin To Net: NetName=NetQ1_MC1_S Pin=Q3_MC1-D
Added Pin To Net: NetName=NetQ1_MC1_S Pin=Q3_MC2-D
Added Pin To Net: NetName=NetQ1_MC1_S Pin=Q3_MC2-D
Added Pin To Net: NetName=NetQ1_MC1_S Pin=Q3_MC2-D
Added Pin To Net: NetName=NetQ1_MC1_S Pin=Q3_MC2-D
Added Pin To Net: NetName=NetQ1_MC1_S Pin=Q3_MC2-D
Added Pin To Net: NetName=NetQ1_MC1_S Pin=Q3_MC3-D
Added Pin To Net: NetName=NetQ1_MC1_S Pin=Q3_MC3-D
Added Pin To Net: NetName=NetQ1_MC1_S Pin=Q3_MC3-D
Added Pin To Net: NetName=NetQ1_MC1_S Pin=Q3_MC3-D
Added Pin To Net: NetName=NetQ1_MC1_S Pin=Q3_MC3-D
Added Pin To Net: NetName=NetQ1_MC1_S Pin=Q3_MC4-D
Added Pin To Net: NetName=NetQ1_MC1_S Pin=Q3_MC4-D
Added Pin To Net: NetName=NetQ1_MC1_S Pin=Q3_MC4-D
Added Pin To Net: NetName=NetQ1_MC1_S Pin=Q3_MC4-D
Added Pin To Net: NetName=NetQ1_MC1_S Pin=Q3_MC4-D
Added Pin To Net: NetName=NetQ1_MC1_S Pin=U1_MC1-7
Added Pin To Net: NetName=NetQ1_MC1_S Pin=U1_MC2-7
Added Pin To Net: NetName=NetQ1_MC1_S Pin=U1_MC3-7
Added Pin To Net: NetName=NetQ1_MC1_S Pin=U1_MC4-7
Added Net: Name=NetQ1_MC1_S
Added Pin To Net: NetName=NetQ1_MC2_G Pin=Q1_MC2-G
Added Pin To Net: NetName=NetQ1_MC2_G Pin=R?_MC2-1
Added Pin To Net: NetName=NetQ1_MC2_G Pin=U1_MC2-6
Added Net: Name=NetQ1_MC2_G
Added Pin To Net: NetName=NetQ1_MC3_G Pin=Q1_MC3-G
Added Pin To Net: NetName=NetQ1_MC3_G Pin=R?_MC3-1
Added Pin To Net: NetName=NetQ1_MC3_G Pin=U1_MC3-6
Added Net: Name=NetQ1_MC3_G
Added Pin To Net: NetName=NetQ1_MC4_G Pin=Q1_MC4-G
Added Pin To Net: NetName=NetQ1_MC4_G Pin=R?_MC4-1
Added Pin To Net: NetName=NetQ1_MC4_G Pin=U1_MC4-6
Added Net: Name=NetQ1_MC4_G
Added Pin To Net: NetName=NetQ2_MC2_G Pin=Q2_MC2-G
Added Pin To Net: NetName=NetQ2_MC2_G Pin=R?_MC2-1
Added Pin To Net: NetName=NetQ2_MC2_G Pin=U1_MC2-8
Added Net: Name=NetQ2_MC2_G
Added Pin To Net: NetName=NetQ2_MC3_G Pin=Q2_MC3-G
Added Pin To Net: NetName=NetQ2_MC3_G Pin=R?_MC3-1
Added Pin To Net: NetName=NetQ2_MC3_G Pin=U1_MC3-8
Added Net: Name=NetQ2_MC3_G
Added Pin To Net: NetName=NetQ2_MC4_G Pin=Q2_MC4-G
Added Pin To Net: NetName=NetQ2_MC4_G Pin=R?_MC4-1
Added Pin To Net: NetName=NetQ2_MC4_G Pin=U1_MC4-8
Added Net: Name=NetQ2_MC4_G
Added Pin To Net: NetName=NetQ3_MC2_G Pin=Q3_MC2-G
Added Pin To Net: NetName=NetQ3_MC2_G Pin=R?_MC2-1
Added Pin To Net: NetName=NetQ3_MC2_G Pin=U1_MC2-4
Added Net: Name=NetQ3_MC2_G
Added Pin To Net: NetName=NetQ3_MC2_S Pin=Q3_MC2-S
Added Pin To Net: NetName=NetQ3_MC2_S Pin=Q3_MC2-S
Added Pin To Net: NetName=NetQ3_MC2_S Pin=Q3_MC2-S
Added Pin To Net: NetName=NetQ3_MC2_S Pin=Q4_MC2-G
Added Pin To Net: NetName=NetQ3_MC2_S Pin=Q4_MC2-S
Added Pin To Net: NetName=NetQ3_MC2_S Pin=Q4_MC2-S
Added Pin To Net: NetName=NetQ3_MC2_S Pin=Q4_MC2-S
Added Pin To Net: NetName=NetQ3_MC2_S Pin=R3_MC2-1
Added Pin To Net: NetName=NetQ3_MC2_S Pin=R?_MC2-1
Added Pin To Net: NetName=NetQ3_MC2_S Pin=U1_MC2-3
Added Pin To Net: NetName=NetQ3_MC2_S Pin=U1_MC2-5
Added Net: Name=NetQ3_MC2_S
Added Pin To Net: NetName=NetQ3_MC3_G Pin=Q3_MC3-G
Added Pin To Net: NetName=NetQ3_MC3_G Pin=R?_MC3-1
Added Pin To Net: NetName=NetQ3_MC3_G Pin=U1_MC3-4
Added Net: Name=NetQ3_MC3_G
Added Pin To Net: NetName=NetQ3_MC3_S Pin=Q3_MC3-S
Added Pin To Net: NetName=NetQ3_MC3_S Pin=Q3_MC3-S
Added Pin To Net: NetName=NetQ3_MC3_S Pin=Q3_MC3-S
Added Pin To Net: NetName=NetQ3_MC3_S Pin=Q4_MC3-G
Added Pin To Net: NetName=NetQ3_MC3_S Pin=Q4_MC3-S
Added Pin To Net: NetName=NetQ3_MC3_S Pin=Q4_MC3-S
Added Pin To Net: NetName=NetQ3_MC3_S Pin=Q4_MC3-S
Added Pin To Net: NetName=NetQ3_MC3_S Pin=R3_MC3-1
Added Pin To Net: NetName=NetQ3_MC3_S Pin=R?_MC3-1
Added Pin To Net: NetName=NetQ3_MC3_S Pin=U1_MC3-3
Added Pin To Net: NetName=NetQ3_MC3_S Pin=U1_MC3-5
Added Net: Name=NetQ3_MC3_S
Added Pin To Net: NetName=NetQ3_MC4_G Pin=Q3_MC4-G
Added Pin To Net: NetName=NetQ3_MC4_G Pin=R?_MC4-1
Added Pin To Net: NetName=NetQ3_MC4_G Pin=U1_MC4-4
Added Net: Name=NetQ3_MC4_G
Added Pin To Net: NetName=NetQ3_MC4_S Pin=Q3_MC4-S
Added Pin To Net: NetName=NetQ3_MC4_S Pin=Q3_MC4-S
Added Pin To Net: NetName=NetQ3_MC4_S Pin=Q3_MC4-S
Added Pin To Net: NetName=NetQ3_MC4_S Pin=Q4_MC4-G
Added Pin To Net: NetName=NetQ3_MC4_S Pin=Q4_MC4-S
Added Pin To Net: NetName=NetQ3_MC4_S Pin=Q4_MC4-S
Added Pin To Net: NetName=NetQ3_MC4_S Pin=Q4_MC4-S
Added Pin To Net: NetName=NetQ3_MC4_S Pin=R3_MC4-1
Added Pin To Net: NetName=NetQ3_MC4_S Pin=R?_MC4-1
Added Pin To Net: NetName=NetQ3_MC4_S Pin=U1_MC4-3
Added Pin To Net: NetName=NetQ3_MC4_S Pin=U1_MC4-5
Added Net: Name=NetQ3_MC4_S
Added Pin To Net: NetName=NetR1_MC1_2 Pin=R1_MC1-2
Added Pin To Net: NetName=NetR1_MC1_2 Pin=U1_MC1-1
Added Net: Name=NetR1_MC1_2
Added Pin To Net: NetName=NetR1_MC2_2 Pin=R1_MC2-2
Added Pin To Net: NetName=NetR1_MC2_2 Pin=U1_MC2-1
Added Net: Name=NetR1_MC2_2
Added Pin To Net: NetName=NetR1_MC3_2 Pin=R1_MC3-2
Added Pin To Net: NetName=NetR1_MC3_2 Pin=U1_MC3-1
Added Net: Name=NetR1_MC3_2
Added Pin To Net: NetName=NetR1_MC4_2 Pin=R1_MC4-2
Added Pin To Net: NetName=NetR1_MC4_2 Pin=U1_MC4-1
Added Net: Name=NetR1_MC4_2
Added Pin To Net: NetName=NetR?_2 Pin=R?-2
Added Pin To Net: NetName=NetR?_2 Pin=U?-3
Added Net: Name=NetR?_2
Added Pin To Net: NetName=NetU1_MC1_2 Pin=U1_MC1-2
Added Pin To Net: NetName=NetU1_MC1_2 Pin=U1_MC2-2
Added Pin To Net: NetName=NetU1_MC1_2 Pin=U1_MC3-2
Added Pin To Net: NetName=NetU1_MC1_2 Pin=U1_MC4-2
Added Net: Name=NetU1_MC1_2
Added Pin To Net: NetName=NetU1_MC1_15 Pin=U1_MC1-15
Added Pin To Net: NetName=NetU1_MC1_15 Pin=U1_MC2-15
Added Pin To Net: NetName=NetU1_MC1_15 Pin=U1_MC3-15
Added Pin To Net: NetName=NetU1_MC1_15 Pin=U1_MC4-15
Added Net: Name=NetU1_MC1_15
Added Pin To Net: NetName=NetU1_MC1_16 Pin=U1_MC1-16
Added Pin To Net: NetName=NetU1_MC1_16 Pin=U1_MC2-16
Added Pin To Net: NetName=NetU1_MC1_16 Pin=U1_MC3-16
Added Pin To Net: NetName=NetU1_MC1_16 Pin=U1_MC4-16
Added Net: Name=NetU1_MC1_16
Added Pin To Net: NetName=NetU1_MC1_17 Pin=U1_MC1-17
Added Pin To Net: NetName=NetU1_MC1_17 Pin=U1_MC2-17
Added Pin To Net: NetName=NetU1_MC1_17 Pin=U1_MC3-17
Added Pin To Net: NetName=NetU1_MC1_17 Pin=U1_MC4-17
Added Net: Name=NetU1_MC1_17
Added Pin To Net: NetName=NetU1_MC1_18 Pin=U1_MC1-18
Added Pin To Net: NetName=NetU1_MC1_18 Pin=U1_MC2-18
Added Pin To Net: NetName=NetU1_MC1_18 Pin=U1_MC3-18
Added Pin To Net: NetName=NetU1_MC1_18 Pin=U1_MC4-18
Added Net: Name=NetU1_MC1_18
Added Pin To Net: NetName=NetU1_MC1_19 Pin=U1_MC1-19
Added Pin To Net: NetName=NetU1_MC1_19 Pin=U1_MC2-19
Added Pin To Net: NetName=NetU1_MC1_19 Pin=U1_MC3-19
Added Pin To Net: NetName=NetU1_MC1_19 Pin=U1_MC4-19
Added Net: Name=NetU1_MC1_19
Added Pin To Net: NetName=PH0 Pin=U?-4
Added Net: Name=PH0
Added Pin To Net: NetName=PH1 Pin=U?-5
Added Net: Name=PH1
Added Pin To Net: NetName=PH2 Pin=U?-6
Added Net: Name=PH2
Added Pin To Net: NetName=PH3 Pin=U?-7
Added Net: Name=PH3
Added Pin To Net: NetName=SCL Pin=J?-5
Added Pin To Net: NetName=SCL Pin=U?-14
Added Net: Name=SCL
Added Pin To Net: NetName=SDA Pin=J?-3
Added Pin To Net: NetName=SDA Pin=U?-15
Added Net: Name=SDA
Change Class Name : Old Net Name=Motor_Control New Net Name=MC1
Added Class: Name=Main
Added Class: Name=MC2
Added Class: Name=MC3
Added Class: Name=MC4
Added Class: Name=A_ENC[0..3]
Added Class: Name=A_OUT[0..3]
Added Class: Name=B_ENC[0..3]
Added Class: Name=B_OUT[0..3]
Added Class: Name=EN[0..3]
Added Class: Name=MD[0..3]
Added Class: Name=MTRC[0..3]
Added Class: Name=PH[0..3]
Added Class: Name=Motor_Control
Added Member To Class: ClassName=MC1 Member=Component C1_MC1 (C1) UUD1C221MCL1GS
Added Member To Class: ClassName=MC1 Member=Component C2_MC1 (C2) 10uF
Added Member To Class: ClassName=MC1 Member=Component C3_MC1 (C3) 100nF
Added Member To Class: ClassName=MC1 Member=Component C4_MC1 (C4) 1nF
Added Member To Class: ClassName=MC1 Member=Component C5_MC1 (C5) 100nF
Added Member To Class: ClassName=MC1 Member=Component Q1_MC1 (Q1) SIS406DN
Added Member To Class: ClassName=MC1 Member=Component Q2_MC1 (Q2) SIS406DN
Added Member To Class: ClassName=MC1 Member=Component Q3_MC1 (Q3) SIS406DN
Added Member To Class: ClassName=MC1 Member=Component Q4_MC1 (Q4) SIS406DN
Added Member To Class: ClassName=MC1 Member=Component R1_MC1 (R1) 20K
Added Member To Class: ClassName=MC1 Member=Component R2_MC1 (R2) 20K
Added Member To Class: ClassName=MC1 Member=Component R3_MC1 (R3) WSL2512R0150FEA18
Added Member To Class: ClassName=MC1 Member=Component R?_MC1 (R?) Thick Film
Added Member To Class: ClassName=MC1 Member=Component U1_MC1 (U1) A4956
Added Room: Name=Main
Added Room: Name=MC1
Added Room: Name=MC2
Added Room: Name=MC3
Added Room: Name=MC4
