Added Component: Designator=C1_MC2(NICH 6.3mm 7.7mm)
Added Component: Designator=C2_MC2(0805C-GENERIC)
Added Component: Designator=C3_MC2(0603C-GENERIC)
Added Component: Designator=C4_MC2(0603C-GENERIC)
Added Component: Designator=C5_MC2(0603C-GENERIC)
Added Component: Designator=EN_MC2(LED-0603-GREEN)
Added Component: Designator=MTR1(JST PND 8 Pin)
Added Component: Designator=PH_MC2(LED-0603-GREEN)
Added Component: Designator=Q1_MC2(1212-8 PowerPAK Single)
Added Component: Designator=Q2_MC2(1212-8 PowerPAK Single)
Added Component: Designator=Q3_MC2(1212-8 PowerPAK Single)
Added Component: Designator=Q4_MC2(1212-8 PowerPAK Single)
Added Component: Designator=R1_MC2(0603R-GENERIC)
Added Component: Designator=R2_MC2(0603R-GENERIC)
Added Component: Designator=R3_MC2(RESC1608X55N)
Added Component: Designator=R4_MC2(RESC1608X55N)
Added Component: Designator=R5_MC2(RESC1608X55N)
Added Component: Designator=R6_MC2(RESC1608X55N)
Added Component: Designator=R7_MC2(RESC_2512)
Added Component: Designator=R11_MC2(RESC1608X55N)
Added Component: Designator=R12_MC2(RESC1608X55N)
Added Component: Designator=U1_MC2(QFN-20)
Added Pin To Net: NetName=VBAT Pin=C1_MC2-+
Added Pin To Net: NetName=GND Pin=C1_MC2--
Added Pin To Net: NetName=VBAT Pin=C2_MC2-1
Added Pin To Net: NetName=GND Pin=C2_MC2-2
Added Pin To Net: NetName=NetC3_MC2_1 Pin=C3_MC2-1
Added Pin To Net: NetName=NetC3_MC2_2 Pin=C3_MC2-2
Added Pin To Net: NetName=NetC4_MC2_1 Pin=C4_MC2-1
Added Pin To Net: NetName=GND Pin=C4_MC2-2
Added Pin To Net: NetName=NetC5_MC2_1 Pin=C5_MC2-1
Added Pin To Net: NetName=VBAT Pin=C5_MC2-2
Added Pin To Net: NetName=ENABLE_MC2 Pin=EN_MC2-A
Added Pin To Net: NetName=NetEN_MC2_K Pin=EN_MC2-K
Added Pin To Net: NetName=A_OUT2 Pin=MTR1-1
Added Pin To Net: NetName=5V Pin=MTR1-2
Added Pin To Net: NetName=A_OUT2 Pin=MTR1-3
Added Pin To Net: NetName=GND Pin=MTR1-4
Added Pin To Net: NetName=B_OUT2 Pin=MTR1-5
Added Pin To Net: NetName=B_ENC2 Pin=MTR1-6
Added Pin To Net: NetName=B_OUT2 Pin=MTR1-7
Added Pin To Net: NetName=A_ENC2 Pin=MTR1-8
Added Pin To Net: NetName=PHASE_MC2 Pin=PH_MC2-A
Added Pin To Net: NetName=NetPH_MC2_K Pin=PH_MC2-K
Added Pin To Net: NetName=VBAT Pin=Q1_MC2-D
Added Pin To Net: NetName=VBAT Pin=Q1_MC2-D
Added Pin To Net: NetName=VBAT Pin=Q1_MC2-D
Added Pin To Net: NetName=VBAT Pin=Q1_MC2-D
Added Pin To Net: NetName=VBAT Pin=Q1_MC2-D
Added Pin To Net: NetName=NetQ1_MC2_G Pin=Q1_MC2-G
Added Pin To Net: NetName=A_OUT2 Pin=Q1_MC2-S
Added Pin To Net: NetName=A_OUT2 Pin=Q1_MC2-S
Added Pin To Net: NetName=A_OUT2 Pin=Q1_MC2-S
Added Pin To Net: NetName=VBAT Pin=Q2_MC2-D
Added Pin To Net: NetName=VBAT Pin=Q2_MC2-D
Added Pin To Net: NetName=VBAT Pin=Q2_MC2-D
Added Pin To Net: NetName=VBAT Pin=Q2_MC2-D
Added Pin To Net: NetName=VBAT Pin=Q2_MC2-D
Added Pin To Net: NetName=NetQ2_MC2_G Pin=Q2_MC2-G
Added Pin To Net: NetName=B_OUT2 Pin=Q2_MC2-S
Added Pin To Net: NetName=B_OUT2 Pin=Q2_MC2-S
Added Pin To Net: NetName=B_OUT2 Pin=Q2_MC2-S
Added Pin To Net: NetName=A_OUT2 Pin=Q3_MC2-D
Added Pin To Net: NetName=A_OUT2 Pin=Q3_MC2-D
Added Pin To Net: NetName=A_OUT2 Pin=Q3_MC2-D
Added Pin To Net: NetName=A_OUT2 Pin=Q3_MC2-D
Added Pin To Net: NetName=A_OUT2 Pin=Q3_MC2-D
Added Pin To Net: NetName=NetQ3_MC2_G Pin=Q3_MC2-G
Added Pin To Net: NetName=NetQ3_MC2_S Pin=Q3_MC2-S
Added Pin To Net: NetName=NetQ3_MC2_S Pin=Q3_MC2-S
Added Pin To Net: NetName=NetQ3_MC2_S Pin=Q3_MC2-S
Added Pin To Net: NetName=B_OUT2 Pin=Q4_MC2-D
Added Pin To Net: NetName=B_OUT2 Pin=Q4_MC2-D
Added Pin To Net: NetName=B_OUT2 Pin=Q4_MC2-D
Added Pin To Net: NetName=B_OUT2 Pin=Q4_MC2-D
Added Pin To Net: NetName=B_OUT2 Pin=Q4_MC2-D
Added Pin To Net: NetName=NetQ4_MC2_G Pin=Q4_MC2-G
Added Pin To Net: NetName=NetQ3_MC2_S Pin=Q4_MC2-S
Added Pin To Net: NetName=NetQ3_MC2_S Pin=Q4_MC2-S
Added Pin To Net: NetName=NetQ3_MC2_S Pin=Q4_MC2-S
Added Pin To Net: NetName=GND Pin=R1_MC2-1
Added Pin To Net: NetName=NetR1_MC2_2 Pin=R1_MC2-2
Added Pin To Net: NetName=NetC4_MC2_1 Pin=R2_MC2-1
Added Pin To Net: NetName=GND Pin=R2_MC2-2
Added Pin To Net: NetName=NetQ1_MC2_G Pin=R3_MC2-1
Added Pin To Net: NetName=GND Pin=R3_MC2-2
Added Pin To Net: NetName=NetQ2_MC2_G Pin=R4_MC2-1
Added Pin To Net: NetName=GND Pin=R4_MC2-2
Added Pin To Net: NetName=NetQ3_MC2_G Pin=R5_MC2-1
Added Pin To Net: NetName=GND Pin=R5_MC2-2
Added Pin To Net: NetName=NetQ4_MC2_G Pin=R6_MC2-1
Added Pin To Net: NetName=GND Pin=R6_MC2-2
Added Pin To Net: NetName=NetQ3_MC2_S Pin=R7_MC2-1
Added Pin To Net: NetName=GND Pin=R7_MC2-2
Added Pin To Net: NetName=NetPH_MC2_K Pin=R11_MC2-1
Added Pin To Net: NetName=GND Pin=R11_MC2-2
Added Pin To Net: NetName=NetEN_MC2_K Pin=R12_MC2-1
Added Pin To Net: NetName=GND Pin=R12_MC2-2
Added Pin To Net: NetName=NetR1_MC2_2 Pin=U1_MC2-1
Added Pin To Net: NetName=MODE2 Pin=U1_MC2-2
Added Pin To Net: NetName=NetQ3_MC2_S Pin=U1_MC2-3
Added Pin To Net: NetName=NetQ3_MC2_G Pin=U1_MC2-4
Added Pin To Net: NetName=NetQ4_MC2_G Pin=U1_MC2-5
Added Pin To Net: NetName=NetQ1_MC2_G Pin=U1_MC2-6
Added Pin To Net: NetName=A_OUT2 Pin=U1_MC2-7
Added Pin To Net: NetName=NetQ2_MC2_G Pin=U1_MC2-8
Added Pin To Net: NetName=B_OUT2 Pin=U1_MC2-9
Added Pin To Net: NetName=NetC5_MC2_1 Pin=U1_MC2-10
Added Pin To Net: NetName=NetC3_MC2_1 Pin=U1_MC2-11
Added Pin To Net: NetName=VBAT Pin=U1_MC2-12
Added Pin To Net: NetName=NetC3_MC2_2 Pin=U1_MC2-13
Added Pin To Net: NetName=GND Pin=U1_MC2-14
Added Pin To Net: NetName=AIOUT2 Pin=U1_MC2-15
Added Pin To Net: NetName=NetU1_MC1_16 Pin=U1_MC2-16
Added Pin To Net: NetName=NetU1_MC1_17 Pin=U1_MC2-17
Added Pin To Net: NetName=ENABLE2 Pin=U1_MC2-18
Added Pin To Net: NetName=PHASE2 Pin=U1_MC2-19
Added Pin To Net: NetName=NetC4_MC2_1 Pin=U1_MC2-20
Added Pin To Net: NetName=GND Pin=U1_MC2-21
Added Member To Class: ClassName=MC2 Member=Component C1_MC2 (C1) UUD1C221MCL1GS
Added Member To Class: ClassName=MC2 Member=Component C2_MC2 (C2) 10uF
Added Member To Class: ClassName=MC2 Member=Component C3_MC2 (C3) 100nF
Added Member To Class: ClassName=MC2 Member=Component C4_MC2 (C4) 1nF
Added Member To Class: ClassName=MC2 Member=Component C5_MC2 (C5) 100nF
Added Member To Class: ClassName=MC2 Member=Component EN_MC2 (EN) Green
Added Member To Class: ClassName=Main Member=Component MTR1 B08B-PNDZS-1
Added Member To Class: ClassName=MC2 Member=Component PH_MC2 (PH) Green
Added Member To Class: ClassName=MC2 Member=Component Q1_MC2 (Q1) SIS406DN
Added Member To Class: ClassName=MC2 Member=Component Q2_MC2 (Q2) SIS406DN
Added Member To Class: ClassName=MC2 Member=Component Q3_MC2 (Q3) SIS406DN
Added Member To Class: ClassName=MC2 Member=Component Q4_MC2 (Q4) SIS406DN
Added Member To Class: ClassName=MC2 Member=Component R1_MC2 (R1) 20K
Added Member To Class: ClassName=MC2 Member=Component R2_MC2 (R2) 20K
Added Member To Class: ClassName=MC2 Member=Component R3_MC2 (R3) Thick Film
Added Member To Class: ClassName=MC2 Member=Component R4_MC2 (R4) Thick Film
Added Member To Class: ClassName=MC2 Member=Component R5_MC2 (R5) Thick Film
Added Member To Class: ClassName=MC2 Member=Component R6_MC2 (R6) Thick Film
Added Member To Class: ClassName=MC2 Member=Component R7_MC2 (R7) WSL2512R0150FEA18
Added Member To Class: ClassName=MC2 Member=Component R11_MC2 (R11) Thick Film
Added Member To Class: ClassName=MC2 Member=Component R12_MC2 (R12) Thick Film
Added Member To Class: ClassName=MC2 Member=Component U1_MC2 (U1) A4956
Added Room: Name=MC2
