Removed Pin From Net: NetName=ENABLE1 Pin=EN_MC1-A
Removed Pin From Net: NetName=ENABLE2 Pin=EN_MC2-A
Removed Pin From Net: NetName=ENABLE3 Pin=PH_MC3-A
Removed Pin From Net: NetName=ENABLE4 Pin=PH_MC4-A
Removed Pin From Net: NetName=ENABLE1 Pin=U1_MC1-18
Removed Pin From Net: NetName=ENABLE2 Pin=U1_MC2-18
Removed Pin From Net: NetName=ENABLE3 Pin=U1_MC3-19
Removed Pin From Net: NetName=ENABLE4 Pin=U1_MC4-19
Removed Pin From Net: NetName=ENABLE1 Pin=U2-3
Removed Pin From Net: NetName=ENABLE2 Pin=U2-5
Removed Pin From Net: NetName=ENABLE3 Pin=U3-6
Removed Pin From Net: NetName=ENABLE4 Pin=U3-7
Change Net Name : Old Net Name=ENABLE1 New Net Name=PHASE1
Change Net Name : Old Net Name=ENABLE2 New Net Name=PHASE2
Added Pin To Net: NetName=ENABLE1 Pin=EN_MC1-A
Added Pin To Net: NetName=ENABLE1 Pin=U1_MC1-18
Added Pin To Net: NetName=ENABLE1 Pin=U2-3
Added Net: Name=ENABLE1
Added Pin To Net: NetName=ENABLE2 Pin=EN_MC2-A
Added Pin To Net: NetName=ENABLE2 Pin=U1_MC2-18
Added Pin To Net: NetName=ENABLE2 Pin=U2-5
Added Net: Name=ENABLE2
Added Pin To Net: NetName=PHASE3 Pin=PH_MC3-A
Added Pin To Net: NetName=PHASE3 Pin=U1_MC3-19
Added Pin To Net: NetName=PHASE3 Pin=U3-6
Added Net: Name=PHASE3
Added Pin To Net: NetName=PHASE4 Pin=PH_MC4-A
Added Pin To Net: NetName=PHASE4 Pin=U1_MC4-19
Added Pin To Net: NetName=PHASE4 Pin=U3-7
Added Net: Name=PHASE4
Added Class: Name=PHASE[1..4]
