Removed Pin From Net: NetName=GND Pin=C1--
Removed Pin From Net: NetName=GND Pin=C2-2
Removed Pin From Net: NetName=GND Pin=C4-2
Removed Pin From Net: NetName=GND Pin=R1-1
Removed Pin From Net: NetName=GND Pin=R2-2
Removed Pin From Net: NetName=GND Pin=R3-2
Removed Pin From Net: NetName=GND Pin=U1-14
Removed Pin From Net: NetName=GND Pin=U1-21
Removed Member From Class: ClassName=Motor_Control Member=C1
Removed Member From Class: ClassName=Motor_Control Member=C2
Removed Member From Class: ClassName=Motor_Control Member=C3
Removed Member From Class: ClassName=Motor_Control Member=C4
Removed Member From Class: ClassName=Motor_Control Member=C5
Removed Member From Class: ClassName=Motor_Control Member=Q1
Removed Member From Class: ClassName=Motor_Control Member=Q2
Removed Member From Class: ClassName=Motor_Control Member=Q3
Removed Member From Class: ClassName=Motor_Control Member=Q4
Removed Member From Class: ClassName=Motor_Control Member=R1
Removed Member From Class: ClassName=Motor_Control Member=R2
Removed Member From Class: ClassName=Motor_Control Member=R3
Removed Member From Class: ClassName=Motor_Control Member=U1
Added Component: Designator=C1_MC1(NICH 6.3mm 7.7mm)
Added Component: Designator=C1_MC2(NICH 6.3mm 7.7mm)
Added Component: Designator=C1_MC3(NICH 6.3mm 7.7mm)
Added Component: Designator=C1_MC4(NICH 6.3mm 7.7mm)
Added Component: Designator=C2_MC1(0805C-GENERIC)
Added Component: Designator=C2_MC2(0805C-GENERIC)
Added Component: Designator=C2_MC3(0805C-GENERIC)
Added Component: Designator=C2_MC4(0805C-GENERIC)
Added Component: Designator=C3_MC1(0603C-GENERIC)
Added Component: Designator=C3_MC2(0603C-GENERIC)
Added Component: Designator=C3_MC3(0603C-GENERIC)
Added Component: Designator=C3_MC4(0603C-GENERIC)
Added Component: Designator=C4_MC1(0603C-GENERIC)
Added Component: Designator=C4_MC2(0603C-GENERIC)
Added Component: Designator=C4_MC3(0603C-GENERIC)
Added Component: Designator=C4_MC4(0603C-GENERIC)
Added Component: Designator=C5_MC1(0603C-GENERIC)
Added Component: Designator=C5_MC2(0603C-GENERIC)
Added Component: Designator=C5_MC3(0603C-GENERIC)
Added Component: Designator=C5_MC4(0603C-GENERIC)
Added Component: Designator=Q1_MC1(1212-8 PowerPAK Single)
Added Component: Designator=Q1_MC2(1212-8 PowerPAK Single)
Added Component: Designator=Q1_MC3(1212-8 PowerPAK Single)
Added Component: Designator=Q1_MC4(1212-8 PowerPAK Single)
Added Component: Designator=Q2_MC1(1212-8 PowerPAK Single)
Added Component: Designator=Q2_MC2(1212-8 PowerPAK Single)
Added Component: Designator=Q2_MC3(1212-8 PowerPAK Single)
Added Component: Designator=Q2_MC4(1212-8 PowerPAK Single)
Added Component: Designator=Q3_MC1(1212-8 PowerPAK Single)
Added Component: Designator=Q3_MC2(1212-8 PowerPAK Single)
Added Component: Designator=Q3_MC3(1212-8 PowerPAK Single)
Added Component: Designator=Q3_MC4(1212-8 PowerPAK Single)
Added Component: Designator=Q4_MC1(1212-8 PowerPAK Single)
Added Component: Designator=Q4_MC2(1212-8 PowerPAK Single)
Added Component: Designator=Q4_MC3(1212-8 PowerPAK Single)
Added Component: Designator=Q4_MC4(1212-8 PowerPAK Single)
Added Component: Designator=R1_MC1(0603R-GENERIC)
Added Component: Designator=R1_MC2(0603R-GENERIC)
Added Component: Designator=R1_MC3(0603R-GENERIC)
Added Component: Designator=R1_MC4(0603R-GENERIC)
Added Component: Designator=R2_MC1(0603R-GENERIC)
Added Component: Designator=R2_MC2(0603R-GENERIC)
Added Component: Designator=R2_MC3(0603R-GENERIC)
Added Component: Designator=R2_MC4(0603R-GENERIC)
Added Component: Designator=R3_MC1(RESC_2512)
Added Component: Designator=R3_MC2(RESC_2512)
Added Component: Designator=R3_MC3(RESC_2512)
Added Component: Designator=R3_MC4(RESC_2512)
Added Component: Designator=U1_MC1(QFN-20)
Added Component: Designator=U1_MC2(QFN-20)
Added Component: Designator=U1_MC3(QFN-20)
Added Component: Designator=U1_MC4(QFN-20)
Added Pin To Net: NetName=GND Pin=C1_MC1--
Added Pin To Net: NetName=GND Pin=C1_MC2--
Added Pin To Net: NetName=GND Pin=C1_MC3--
Added Pin To Net: NetName=GND Pin=C1_MC4--
Added Pin To Net: NetName=GND Pin=C2_MC1-2
Added Pin To Net: NetName=GND Pin=C2_MC2-2
Added Pin To Net: NetName=GND Pin=C2_MC3-2
Added Pin To Net: NetName=GND Pin=C2_MC4-2
Added Pin To Net: NetName=GND Pin=C4_MC1-2
Added Pin To Net: NetName=GND Pin=C4_MC2-2
Added Pin To Net: NetName=GND Pin=C4_MC3-2
Added Pin To Net: NetName=GND Pin=C4_MC4-2
Added Pin To Net: NetName=GND Pin=R1_MC1-1
Added Pin To Net: NetName=GND Pin=R1_MC2-1
Added Pin To Net: NetName=GND Pin=R1_MC3-1
Added Pin To Net: NetName=GND Pin=R1_MC4-1
Added Pin To Net: NetName=GND Pin=R2_MC1-2
Added Pin To Net: NetName=GND Pin=R2_MC2-2
Added Pin To Net: NetName=GND Pin=R2_MC3-2
Added Pin To Net: NetName=GND Pin=R2_MC4-2
Added Pin To Net: NetName=GND Pin=R3_MC1-2
Added Pin To Net: NetName=GND Pin=R3_MC2-2
Added Pin To Net: NetName=GND Pin=R3_MC3-2
Added Pin To Net: NetName=GND Pin=R3_MC4-2
Added Pin To Net: NetName=GND Pin=U1_MC1-14
Added Pin To Net: NetName=GND Pin=U1_MC1-21
Added Pin To Net: NetName=GND Pin=U1_MC2-14
Added Pin To Net: NetName=GND Pin=U1_MC2-21
Added Pin To Net: NetName=GND Pin=U1_MC3-14
Added Pin To Net: NetName=GND Pin=U1_MC3-21
Added Pin To Net: NetName=GND Pin=U1_MC4-14
Added Pin To Net: NetName=GND Pin=U1_MC4-21
Added Pin To Net: NetName=NetC1_MC1_+ Pin=C1_MC1-+
Added Pin To Net: NetName=NetC1_MC1_+ Pin=C1_MC2-+
Added Pin To Net: NetName=NetC1_MC1_+ Pin=C1_MC3-+
Added Pin To Net: NetName=NetC1_MC1_+ Pin=C1_MC4-+
Added Pin To Net: NetName=NetC1_MC1_+ Pin=C2_MC1-1
Added Pin To Net: NetName=NetC1_MC1_+ Pin=C2_MC2-1
Added Pin To Net: NetName=NetC1_MC1_+ Pin=C2_MC3-1
Added Pin To Net: NetName=NetC1_MC1_+ Pin=C2_MC4-1
Added Pin To Net: NetName=NetC1_MC1_+ Pin=C5_MC1-2
Added Pin To Net: NetName=NetC1_MC1_+ Pin=C5_MC2-2
Added Pin To Net: NetName=NetC1_MC1_+ Pin=C5_MC3-2
Added Pin To Net: NetName=NetC1_MC1_+ Pin=C5_MC4-2
Added Pin To Net: NetName=NetC1_MC1_+ Pin=Q1_MC1-D
Added Pin To Net: NetName=NetC1_MC1_+ Pin=Q1_MC1-D
Added Pin To Net: NetName=NetC1_MC1_+ Pin=Q1_MC1-D
Added Pin To Net: NetName=NetC1_MC1_+ Pin=Q1_MC1-D
Added Pin To Net: NetName=NetC1_MC1_+ Pin=Q1_MC1-D
Added Pin To Net: NetName=NetC1_MC1_+ Pin=Q1_MC2-D
Added Pin To Net: NetName=NetC1_MC1_+ Pin=Q1_MC2-D
Added Pin To Net: NetName=NetC1_MC1_+ Pin=Q1_MC2-D
Added Pin To Net: NetName=NetC1_MC1_+ Pin=Q1_MC2-D
Added Pin To Net: NetName=NetC1_MC1_+ Pin=Q1_MC2-D
Added Pin To Net: NetName=NetC1_MC1_+ Pin=Q1_MC3-D
Added Pin To Net: NetName=NetC1_MC1_+ Pin=Q1_MC3-D
Added Pin To Net: NetName=NetC1_MC1_+ Pin=Q1_MC3-D
Added Pin To Net: NetName=NetC1_MC1_+ Pin=Q1_MC3-D
Added Pin To Net: NetName=NetC1_MC1_+ Pin=Q1_MC3-D
Added Pin To Net: NetName=NetC1_MC1_+ Pin=Q1_MC4-D
Added Pin To Net: NetName=NetC1_MC1_+ Pin=Q1_MC4-D
Added Pin To Net: NetName=NetC1_MC1_+ Pin=Q1_MC4-D
Added Pin To Net: NetName=NetC1_MC1_+ Pin=Q1_MC4-D
Added Pin To Net: NetName=NetC1_MC1_+ Pin=Q1_MC4-D
Added Pin To Net: NetName=NetC1_MC1_+ Pin=Q2_MC1-D
Added Pin To Net: NetName=NetC1_MC1_+ Pin=Q2_MC1-D
Added Pin To Net: NetName=NetC1_MC1_+ Pin=Q2_MC1-D
Added Pin To Net: NetName=NetC1_MC1_+ Pin=Q2_MC1-D
Added Pin To Net: NetName=NetC1_MC1_+ Pin=Q2_MC1-D
Added Pin To Net: NetName=NetC1_MC1_+ Pin=Q2_MC2-D
Added Pin To Net: NetName=NetC1_MC1_+ Pin=Q2_MC2-D
Added Pin To Net: NetName=NetC1_MC1_+ Pin=Q2_MC2-D
Added Pin To Net: NetName=NetC1_MC1_+ Pin=Q2_MC2-D
Added Pin To Net: NetName=NetC1_MC1_+ Pin=Q2_MC2-D
Added Pin To Net: NetName=NetC1_MC1_+ Pin=Q2_MC3-D
Added Pin To Net: NetName=NetC1_MC1_+ Pin=Q2_MC3-D
Added Pin To Net: NetName=NetC1_MC1_+ Pin=Q2_MC3-D
Added Pin To Net: NetName=NetC1_MC1_+ Pin=Q2_MC3-D
Added Pin To Net: NetName=NetC1_MC1_+ Pin=Q2_MC3-D
Added Pin To Net: NetName=NetC1_MC1_+ Pin=Q2_MC4-D
Added Pin To Net: NetName=NetC1_MC1_+ Pin=Q2_MC4-D
Added Pin To Net: NetName=NetC1_MC1_+ Pin=Q2_MC4-D
Added Pin To Net: NetName=NetC1_MC1_+ Pin=Q2_MC4-D
Added Pin To Net: NetName=NetC1_MC1_+ Pin=Q2_MC4-D
Added Pin To Net: NetName=NetC1_MC1_+ Pin=U1_MC1-12
Added Pin To Net: NetName=NetC1_MC1_+ Pin=U1_MC2-12
Added Pin To Net: NetName=NetC1_MC1_+ Pin=U1_MC3-12
Added Pin To Net: NetName=NetC1_MC1_+ Pin=U1_MC4-12
Added Net: Name=NetC1_MC1_+
Added Pin To Net: NetName=NetC3_MC1_1 Pin=C3_MC1-1
Added Pin To Net: NetName=NetC3_MC1_1 Pin=U1_MC1-11
Added Net: Name=NetC3_MC1_1
Added Pin To Net: NetName=NetC3_MC1_2 Pin=C3_MC1-2
Added Pin To Net: NetName=NetC3_MC1_2 Pin=U1_MC1-13
Added Net: Name=NetC3_MC1_2
Added Pin To Net: NetName=NetC3_MC2_1 Pin=C3_MC2-1
Added Pin To Net: NetName=NetC3_MC2_1 Pin=U1_MC2-11
Added Net: Name=NetC3_MC2_1
Added Pin To Net: NetName=NetC3_MC2_2 Pin=C3_MC2-2
Added Pin To Net: NetName=NetC3_MC2_2 Pin=U1_MC2-13
Added Net: Name=NetC3_MC2_2
Added Pin To Net: NetName=NetC3_MC3_1 Pin=C3_MC3-1
Added Pin To Net: NetName=NetC3_MC3_1 Pin=U1_MC3-11
Added Net: Name=NetC3_MC3_1
Added Pin To Net: NetName=NetC3_MC3_2 Pin=C3_MC3-2
Added Pin To Net: NetName=NetC3_MC3_2 Pin=U1_MC3-13
Added Net: Name=NetC3_MC3_2
Added Pin To Net: NetName=NetC3_MC4_1 Pin=C3_MC4-1
Added Pin To Net: NetName=NetC3_MC4_1 Pin=U1_MC4-11
Added Net: Name=NetC3_MC4_1
Added Pin To Net: NetName=NetC3_MC4_2 Pin=C3_MC4-2
Added Pin To Net: NetName=NetC3_MC4_2 Pin=U1_MC4-13
Added Net: Name=NetC3_MC4_2
Added Pin To Net: NetName=NetC4_MC1_1 Pin=C4_MC1-1
Added Pin To Net: NetName=NetC4_MC1_1 Pin=R2_MC1-1
Added Pin To Net: NetName=NetC4_MC1_1 Pin=U1_MC1-20
Added Net: Name=NetC4_MC1_1
Added Pin To Net: NetName=NetC4_MC2_1 Pin=C4_MC2-1
Added Pin To Net: NetName=NetC4_MC2_1 Pin=R2_MC2-1
Added Pin To Net: NetName=NetC4_MC2_1 Pin=U1_MC2-20
Added Net: Name=NetC4_MC2_1
Added Pin To Net: NetName=NetC4_MC3_1 Pin=C4_MC3-1
Added Pin To Net: NetName=NetC4_MC3_1 Pin=R2_MC3-1
Added Pin To Net: NetName=NetC4_MC3_1 Pin=U1_MC3-20
Added Net: Name=NetC4_MC3_1
Added Pin To Net: NetName=NetC4_MC4_1 Pin=C4_MC4-1
Added Pin To Net: NetName=NetC4_MC4_1 Pin=R2_MC4-1
Added Pin To Net: NetName=NetC4_MC4_1 Pin=U1_MC4-20
Added Net: Name=NetC4_MC4_1
Added Pin To Net: NetName=NetC5_MC1_1 Pin=C5_MC1-1
Added Pin To Net: NetName=NetC5_MC1_1 Pin=U1_MC1-10
Added Net: Name=NetC5_MC1_1
Added Pin To Net: NetName=NetC5_MC2_1 Pin=C5_MC2-1
Added Pin To Net: NetName=NetC5_MC2_1 Pin=U1_MC2-10
Added Net: Name=NetC5_MC2_1
Added Pin To Net: NetName=NetC5_MC3_1 Pin=C5_MC3-1
Added Pin To Net: NetName=NetC5_MC3_1 Pin=U1_MC3-10
Added Net: Name=NetC5_MC3_1
Added Pin To Net: NetName=NetC5_MC4_1 Pin=C5_MC4-1
Added Pin To Net: NetName=NetC5_MC4_1 Pin=U1_MC4-10
Added Net: Name=NetC5_MC4_1
Added Pin To Net: NetName=NetQ1_MC1_G Pin=Q1_MC1-G
Added Pin To Net: NetName=NetQ1_MC1_G Pin=U1_MC1-6
Added Net: Name=NetQ1_MC1_G
Added Pin To Net: NetName=NetQ1_MC1_S Pin=Q1_MC1-S
Added Pin To Net: NetName=NetQ1_MC1_S Pin=Q1_MC1-S
Added Pin To Net: NetName=NetQ1_MC1_S Pin=Q1_MC1-S
Added Pin To Net: NetName=NetQ1_MC1_S Pin=Q3_MC1-D
Added Pin To Net: NetName=NetQ1_MC1_S Pin=Q3_MC1-D
Added Pin To Net: NetName=NetQ1_MC1_S Pin=Q3_MC1-D
Added Pin To Net: NetName=NetQ1_MC1_S Pin=Q3_MC1-D
Added Pin To Net: NetName=NetQ1_MC1_S Pin=Q3_MC1-D
Added Pin To Net: NetName=NetQ1_MC1_S Pin=U1_MC1-7
Added Net: Name=NetQ1_MC1_S
Added Pin To Net: NetName=NetQ1_MC2_G Pin=Q1_MC2-G
Added Pin To Net: NetName=NetQ1_MC2_G Pin=U1_MC2-6
Added Net: Name=NetQ1_MC2_G
Added Pin To Net: NetName=NetQ1_MC2_S Pin=Q1_MC2-S
Added Pin To Net: NetName=NetQ1_MC2_S Pin=Q1_MC2-S
Added Pin To Net: NetName=NetQ1_MC2_S Pin=Q1_MC2-S
Added Pin To Net: NetName=NetQ1_MC2_S Pin=Q3_MC2-D
Added Pin To Net: NetName=NetQ1_MC2_S Pin=Q3_MC2-D
Added Pin To Net: NetName=NetQ1_MC2_S Pin=Q3_MC2-D
Added Pin To Net: NetName=NetQ1_MC2_S Pin=Q3_MC2-D
Added Pin To Net: NetName=NetQ1_MC2_S Pin=Q3_MC2-D
Added Pin To Net: NetName=NetQ1_MC2_S Pin=U1_MC2-7
Added Net: Name=NetQ1_MC2_S
Added Pin To Net: NetName=NetQ1_MC3_G Pin=Q1_MC3-G
Added Pin To Net: NetName=NetQ1_MC3_G Pin=U1_MC3-6
Added Net: Name=NetQ1_MC3_G
Added Pin To Net: NetName=NetQ1_MC3_S Pin=Q1_MC3-S
Added Pin To Net: NetName=NetQ1_MC3_S Pin=Q1_MC3-S
Added Pin To Net: NetName=NetQ1_MC3_S Pin=Q1_MC3-S
Added Pin To Net: NetName=NetQ1_MC3_S Pin=Q3_MC3-D
Added Pin To Net: NetName=NetQ1_MC3_S Pin=Q3_MC3-D
Added Pin To Net: NetName=NetQ1_MC3_S Pin=Q3_MC3-D
Added Pin To Net: NetName=NetQ1_MC3_S Pin=Q3_MC3-D
Added Pin To Net: NetName=NetQ1_MC3_S Pin=Q3_MC3-D
Added Pin To Net: NetName=NetQ1_MC3_S Pin=U1_MC3-7
Added Net: Name=NetQ1_MC3_S
Added Pin To Net: NetName=NetQ1_MC4_G Pin=Q1_MC4-G
Added Pin To Net: NetName=NetQ1_MC4_G Pin=U1_MC4-6
Added Net: Name=NetQ1_MC4_G
Added Pin To Net: NetName=NetQ1_MC4_S Pin=Q1_MC4-S
Added Pin To Net: NetName=NetQ1_MC4_S Pin=Q1_MC4-S
Added Pin To Net: NetName=NetQ1_MC4_S Pin=Q1_MC4-S
Added Pin To Net: NetName=NetQ1_MC4_S Pin=Q3_MC4-D
Added Pin To Net: NetName=NetQ1_MC4_S Pin=Q3_MC4-D
Added Pin To Net: NetName=NetQ1_MC4_S Pin=Q3_MC4-D
Added Pin To Net: NetName=NetQ1_MC4_S Pin=Q3_MC4-D
Added Pin To Net: NetName=NetQ1_MC4_S Pin=Q3_MC4-D
Added Pin To Net: NetName=NetQ1_MC4_S Pin=U1_MC4-7
Added Net: Name=NetQ1_MC4_S
Added Pin To Net: NetName=NetQ2_MC1_G Pin=Q2_MC1-G
Added Pin To Net: NetName=NetQ2_MC1_G Pin=U1_MC1-8
Added Net: Name=NetQ2_MC1_G
Added Pin To Net: NetName=NetQ2_MC1_S Pin=Q2_MC1-S
Added Pin To Net: NetName=NetQ2_MC1_S Pin=Q2_MC1-S
Added Pin To Net: NetName=NetQ2_MC1_S Pin=Q2_MC1-S
Added Pin To Net: NetName=NetQ2_MC1_S Pin=Q4_MC1-D
Added Pin To Net: NetName=NetQ2_MC1_S Pin=Q4_MC1-D
Added Pin To Net: NetName=NetQ2_MC1_S Pin=Q4_MC1-D
Added Pin To Net: NetName=NetQ2_MC1_S Pin=Q4_MC1-D
Added Pin To Net: NetName=NetQ2_MC1_S Pin=Q4_MC1-D
Added Pin To Net: NetName=NetQ2_MC1_S Pin=U1_MC1-9
Added Net: Name=NetQ2_MC1_S
Added Pin To Net: NetName=NetQ2_MC2_G Pin=Q2_MC2-G
Added Pin To Net: NetName=NetQ2_MC2_G Pin=U1_MC2-8
Added Net: Name=NetQ2_MC2_G
Added Pin To Net: NetName=NetQ2_MC2_S Pin=Q2_MC2-S
Added Pin To Net: NetName=NetQ2_MC2_S Pin=Q2_MC2-S
Added Pin To Net: NetName=NetQ2_MC2_S Pin=Q2_MC2-S
Added Pin To Net: NetName=NetQ2_MC2_S Pin=Q4_MC2-D
Added Pin To Net: NetName=NetQ2_MC2_S Pin=Q4_MC2-D
Added Pin To Net: NetName=NetQ2_MC2_S Pin=Q4_MC2-D
Added Pin To Net: NetName=NetQ2_MC2_S Pin=Q4_MC2-D
Added Pin To Net: NetName=NetQ2_MC2_S Pin=Q4_MC2-D
Added Pin To Net: NetName=NetQ2_MC2_S Pin=U1_MC2-9
Added Net: Name=NetQ2_MC2_S
Added Pin To Net: NetName=NetQ2_MC3_G Pin=Q2_MC3-G
Added Pin To Net: NetName=NetQ2_MC3_G Pin=U1_MC3-8
Added Net: Name=NetQ2_MC3_G
Added Pin To Net: NetName=NetQ2_MC3_S Pin=Q2_MC3-S
Added Pin To Net: NetName=NetQ2_MC3_S Pin=Q2_MC3-S
Added Pin To Net: NetName=NetQ2_MC3_S Pin=Q2_MC3-S
Added Pin To Net: NetName=NetQ2_MC3_S Pin=Q4_MC3-D
Added Pin To Net: NetName=NetQ2_MC3_S Pin=Q4_MC3-D
Added Pin To Net: NetName=NetQ2_MC3_S Pin=Q4_MC3-D
Added Pin To Net: NetName=NetQ2_MC3_S Pin=Q4_MC3-D
Added Pin To Net: NetName=NetQ2_MC3_S Pin=Q4_MC3-D
Added Pin To Net: NetName=NetQ2_MC3_S Pin=U1_MC3-9
Added Net: Name=NetQ2_MC3_S
Added Pin To Net: NetName=NetQ2_MC4_G Pin=Q2_MC4-G
Added Pin To Net: NetName=NetQ2_MC4_G Pin=U1_MC4-8
Added Net: Name=NetQ2_MC4_G
Added Pin To Net: NetName=NetQ2_MC4_S Pin=Q2_MC4-S
Added Pin To Net: NetName=NetQ2_MC4_S Pin=Q2_MC4-S
Added Pin To Net: NetName=NetQ2_MC4_S Pin=Q2_MC4-S
Added Pin To Net: NetName=NetQ2_MC4_S Pin=Q4_MC4-D
Added Pin To Net: NetName=NetQ2_MC4_S Pin=Q4_MC4-D
Added Pin To Net: NetName=NetQ2_MC4_S Pin=Q4_MC4-D
Added Pin To Net: NetName=NetQ2_MC4_S Pin=Q4_MC4-D
Added Pin To Net: NetName=NetQ2_MC4_S Pin=Q4_MC4-D
Added Pin To Net: NetName=NetQ2_MC4_S Pin=U1_MC4-9
Added Net: Name=NetQ2_MC4_S
Added Pin To Net: NetName=NetQ3_MC1_G Pin=Q3_MC1-G
Added Pin To Net: NetName=NetQ3_MC1_G Pin=U1_MC1-4
Added Net: Name=NetQ3_MC1_G
Added Pin To Net: NetName=NetQ3_MC1_S Pin=Q3_MC1-S
Added Pin To Net: NetName=NetQ3_MC1_S Pin=Q3_MC1-S
Added Pin To Net: NetName=NetQ3_MC1_S Pin=Q3_MC1-S
Added Pin To Net: NetName=NetQ3_MC1_S Pin=Q4_MC1-S
Added Pin To Net: NetName=NetQ3_MC1_S Pin=Q4_MC1-S
Added Pin To Net: NetName=NetQ3_MC1_S Pin=Q4_MC1-S
Added Pin To Net: NetName=NetQ3_MC1_S Pin=R3_MC1-1
Added Pin To Net: NetName=NetQ3_MC1_S Pin=U1_MC1-3
Added Net: Name=NetQ3_MC1_S
Added Pin To Net: NetName=NetQ3_MC2_G Pin=Q3_MC2-G
Added Pin To Net: NetName=NetQ3_MC2_G Pin=U1_MC2-4
Added Net: Name=NetQ3_MC2_G
Added Pin To Net: NetName=NetQ3_MC2_S Pin=Q3_MC2-S
Added Pin To Net: NetName=NetQ3_MC2_S Pin=Q3_MC2-S
Added Pin To Net: NetName=NetQ3_MC2_S Pin=Q3_MC2-S
Added Pin To Net: NetName=NetQ3_MC2_S Pin=Q4_MC2-S
Added Pin To Net: NetName=NetQ3_MC2_S Pin=Q4_MC2-S
Added Pin To Net: NetName=NetQ3_MC2_S Pin=Q4_MC2-S
Added Pin To Net: NetName=NetQ3_MC2_S Pin=R3_MC2-1
Added Pin To Net: NetName=NetQ3_MC2_S Pin=U1_MC2-3
Added Net: Name=NetQ3_MC2_S
Added Pin To Net: NetName=NetQ3_MC3_G Pin=Q3_MC3-G
Added Pin To Net: NetName=NetQ3_MC3_G Pin=U1_MC3-4
Added Net: Name=NetQ3_MC3_G
Added Pin To Net: NetName=NetQ3_MC3_S Pin=Q3_MC3-S
Added Pin To Net: NetName=NetQ3_MC3_S Pin=Q3_MC3-S
Added Pin To Net: NetName=NetQ3_MC3_S Pin=Q3_MC3-S
Added Pin To Net: NetName=NetQ3_MC3_S Pin=Q4_MC3-S
Added Pin To Net: NetName=NetQ3_MC3_S Pin=Q4_MC3-S
Added Pin To Net: NetName=NetQ3_MC3_S Pin=Q4_MC3-S
Added Pin To Net: NetName=NetQ3_MC3_S Pin=R3_MC3-1
Added Pin To Net: NetName=NetQ3_MC3_S Pin=U1_MC3-3
Added Net: Name=NetQ3_MC3_S
Added Pin To Net: NetName=NetQ3_MC4_G Pin=Q3_MC4-G
Added Pin To Net: NetName=NetQ3_MC4_G Pin=U1_MC4-4
Added Net: Name=NetQ3_MC4_G
Added Pin To Net: NetName=NetQ3_MC4_S Pin=Q3_MC4-S
Added Pin To Net: NetName=NetQ3_MC4_S Pin=Q3_MC4-S
Added Pin To Net: NetName=NetQ3_MC4_S Pin=Q3_MC4-S
Added Pin To Net: NetName=NetQ3_MC4_S Pin=Q4_MC4-S
Added Pin To Net: NetName=NetQ3_MC4_S Pin=Q4_MC4-S
Added Pin To Net: NetName=NetQ3_MC4_S Pin=Q4_MC4-S
Added Pin To Net: NetName=NetQ3_MC4_S Pin=R3_MC4-1
Added Pin To Net: NetName=NetQ3_MC4_S Pin=U1_MC4-3
Added Net: Name=NetQ3_MC4_S
Added Pin To Net: NetName=NetQ4_MC1_G Pin=Q4_MC1-G
Added Pin To Net: NetName=NetQ4_MC1_G Pin=U1_MC1-5
Added Net: Name=NetQ4_MC1_G
Added Pin To Net: NetName=NetQ4_MC2_G Pin=Q4_MC2-G
Added Pin To Net: NetName=NetQ4_MC2_G Pin=U1_MC2-5
Added Net: Name=NetQ4_MC2_G
Added Pin To Net: NetName=NetQ4_MC3_G Pin=Q4_MC3-G
Added Pin To Net: NetName=NetQ4_MC3_G Pin=U1_MC3-5
Added Net: Name=NetQ4_MC3_G
Added Pin To Net: NetName=NetQ4_MC4_G Pin=Q4_MC4-G
Added Pin To Net: NetName=NetQ4_MC4_G Pin=U1_MC4-5
Added Net: Name=NetQ4_MC4_G
Added Pin To Net: NetName=NetR1_MC1_2 Pin=R1_MC1-2
Added Pin To Net: NetName=NetR1_MC1_2 Pin=U1_MC1-1
Added Net: Name=NetR1_MC1_2
Added Pin To Net: NetName=NetR1_MC2_2 Pin=R1_MC2-2
Added Pin To Net: NetName=NetR1_MC2_2 Pin=U1_MC2-1
Added Net: Name=NetR1_MC2_2
Added Pin To Net: NetName=NetR1_MC3_2 Pin=R1_MC3-2
Added Pin To Net: NetName=NetR1_MC3_2 Pin=U1_MC3-1
Added Net: Name=NetR1_MC3_2
Added Pin To Net: NetName=NetR1_MC4_2 Pin=R1_MC4-2
Added Pin To Net: NetName=NetR1_MC4_2 Pin=U1_MC4-1
Added Net: Name=NetR1_MC4_2
Added Pin To Net: NetName=NetU1_MC1_2 Pin=U1_MC1-2
Added Pin To Net: NetName=NetU1_MC1_2 Pin=U1_MC2-2
Added Pin To Net: NetName=NetU1_MC1_2 Pin=U1_MC3-2
Added Pin To Net: NetName=NetU1_MC1_2 Pin=U1_MC4-2
Added Net: Name=NetU1_MC1_2
Added Pin To Net: NetName=NetU1_MC1_15 Pin=U1_MC1-15
Added Pin To Net: NetName=NetU1_MC1_15 Pin=U1_MC2-15
Added Pin To Net: NetName=NetU1_MC1_15 Pin=U1_MC3-15
Added Pin To Net: NetName=NetU1_MC1_15 Pin=U1_MC4-15
Added Net: Name=NetU1_MC1_15
Added Pin To Net: NetName=NetU1_MC1_16 Pin=U1_MC1-16
Added Pin To Net: NetName=NetU1_MC1_16 Pin=U1_MC2-16
Added Pin To Net: NetName=NetU1_MC1_16 Pin=U1_MC3-16
Added Pin To Net: NetName=NetU1_MC1_16 Pin=U1_MC4-16
Added Net: Name=NetU1_MC1_16
Added Pin To Net: NetName=NetU1_MC1_17 Pin=U1_MC1-17
Added Pin To Net: NetName=NetU1_MC1_17 Pin=U1_MC2-17
Added Pin To Net: NetName=NetU1_MC1_17 Pin=U1_MC3-17
Added Pin To Net: NetName=NetU1_MC1_17 Pin=U1_MC4-17
Added Net: Name=NetU1_MC1_17
Added Pin To Net: NetName=NetU1_MC1_18 Pin=U1_MC1-18
Added Pin To Net: NetName=NetU1_MC1_18 Pin=U1_MC2-18
Added Pin To Net: NetName=NetU1_MC1_18 Pin=U1_MC3-18
Added Pin To Net: NetName=NetU1_MC1_18 Pin=U1_MC4-18
Added Net: Name=NetU1_MC1_18
Added Pin To Net: NetName=NetU1_MC1_19 Pin=U1_MC1-19
Added Pin To Net: NetName=NetU1_MC1_19 Pin=U1_MC2-19
Added Pin To Net: NetName=NetU1_MC1_19 Pin=U1_MC3-19
Added Pin To Net: NetName=NetU1_MC1_19 Pin=U1_MC4-19
Added Net: Name=NetU1_MC1_19
Change Class Name : Old Net Name=Motor_Control New Net Name=MC1
Added Class: Name=MC2
Added Class: Name=MC3
Added Class: Name=MC4
Added Class: Name=Motor_Control
Added Member To Class: ClassName=MC1 Member=Component C1_MC1 (C1) UUD1C221MCL1GS
Added Member To Class: ClassName=MC1 Member=Component C2_MC1 (C2) 10uF
Added Member To Class: ClassName=MC1 Member=Component C3_MC1 (C3) 100nF
Added Member To Class: ClassName=MC1 Member=Component C4_MC1 (C4) 1nF
Added Member To Class: ClassName=MC1 Member=Component C5_MC1 (C5) 100nF
Added Member To Class: ClassName=MC1 Member=Component Q1_MC1 (Q1) SIS406DN
Added Member To Class: ClassName=MC1 Member=Component Q2_MC1 (Q2) SIS406DN
Added Member To Class: ClassName=MC1 Member=Component Q3_MC1 (Q3) SIS406DN
Added Member To Class: ClassName=MC1 Member=Component Q4_MC1 (Q4) SIS406DN
Added Member To Class: ClassName=MC1 Member=Component R1_MC1 (R1) 20K
Added Member To Class: ClassName=MC1 Member=Component R2_MC1 (R2) 20K
Added Member To Class: ClassName=MC1 Member=Component R3_MC1 (R3) WSL2512R0150FEA18
Added Member To Class: ClassName=MC1 Member=Component U1_MC1 (U1) A4956
