Added Component: Designator=C1_MC2(NICH 6.3mm 7.7mm)
Added Component: Designator=C1_MC3(NICH 6.3mm 7.7mm)
Added Component: Designator=C1_MC4(NICH 6.3mm 7.7mm)
Added Component: Designator=C2_MC2(0805C-GENERIC)
Added Component: Designator=C2_MC3(0805C-GENERIC)
Added Component: Designator=C2_MC4(0805C-GENERIC)
Added Component: Designator=C3_MC2(0603C-GENERIC)
Added Component: Designator=C3_MC3(0603C-GENERIC)
Added Component: Designator=C3_MC4(0603C-GENERIC)
Added Component: Designator=C4_MC2(0603C-GENERIC)
Added Component: Designator=C4_MC3(0603C-GENERIC)
Added Component: Designator=C4_MC4(0603C-GENERIC)
Added Component: Designator=C5_MC2(0603C-GENERIC)
Added Component: Designator=C5_MC3(0603C-GENERIC)
Added Component: Designator=C5_MC4(0603C-GENERIC)
Added Component: Designator=EN_MC2(LED-0603-GREEN)
Added Component: Designator=EN_MC3(LED-0603-GREEN)
Added Component: Designator=EN_MC4(LED-0603-GREEN)
Added Component: Designator=MODE_MC2(JUMP1)
Added Component: Designator=MODE_MC3(JUMP1)
Added Component: Designator=MODE_MC4(JUMP1)
Added Component: Designator=MTR1(JST PND 8 Pin)
Added Component: Designator=MTR2(JST PND 8 Pin)
Added Component: Designator=MTR3(JST PND 8 Pin)
Added Component: Designator=PH_MC2(LED-0603-GREEN)
Added Component: Designator=PH_MC3(LED-0603-GREEN)
Added Component: Designator=PH_MC4(LED-0603-GREEN)
Added Component: Designator=Q1_MC2(1212-8 PowerPAK Single)
Added Component: Designator=Q1_MC3(1212-8 PowerPAK Single)
Added Component: Designator=Q1_MC4(1212-8 PowerPAK Single)
Added Component: Designator=Q2_MC2(1212-8 PowerPAK Single)
Added Component: Designator=Q2_MC3(1212-8 PowerPAK Single)
Added Component: Designator=Q2_MC4(1212-8 PowerPAK Single)
Added Component: Designator=Q3_MC2(1212-8 PowerPAK Single)
Added Component: Designator=Q3_MC3(1212-8 PowerPAK Single)
Added Component: Designator=Q3_MC4(1212-8 PowerPAK Single)
Added Component: Designator=Q4_MC2(1212-8 PowerPAK Single)
Added Component: Designator=Q4_MC3(1212-8 PowerPAK Single)
Added Component: Designator=Q4_MC4(1212-8 PowerPAK Single)
Added Component: Designator=R1_MC2(0603R-GENERIC)
Added Component: Designator=R1_MC3(0603R-GENERIC)
Added Component: Designator=R1_MC4(0603R-GENERIC)
Added Component: Designator=R2_MC2(0603R-GENERIC)
Added Component: Designator=R2_MC3(0603R-GENERIC)
Added Component: Designator=R2_MC4(0603R-GENERIC)
Added Component: Designator=R3_MC2(RESC1608X55N)
Added Component: Designator=R3_MC3(RESC1608X55N)
Added Component: Designator=R3_MC4(RESC1608X55N)
Added Component: Designator=R4_MC2(RESC1608X55N)
Added Component: Designator=R4_MC3(RESC1608X55N)
Added Component: Designator=R4_MC4(RESC1608X55N)
Added Component: Designator=R5_MC2(RESC1608X55N)
Added Component: Designator=R5_MC3(RESC1608X55N)
Added Component: Designator=R5_MC4(RESC1608X55N)
Added Component: Designator=R6_MC2(RESC1608X55N)
Added Component: Designator=R6_MC3(RESC1608X55N)
Added Component: Designator=R6_MC4(RESC1608X55N)
Added Component: Designator=R7_MC2(RESC_2512)
Added Component: Designator=R7_MC3(RESC_2512)
Added Component: Designator=R7_MC4(RESC_2512)
Added Component: Designator=R8_MC2(RESC1608X55N)
Added Component: Designator=R8_MC3(RESC1608X55N)
Added Component: Designator=R8_MC4(RESC1608X55N)
Added Component: Designator=R11_MC2(RESC1608X55N)
Added Component: Designator=R11_MC3(RESC1608X55N)
Added Component: Designator=R11_MC4(RESC1608X55N)
Added Component: Designator=R12_MC2(RESC1608X55N)
Added Component: Designator=R12_MC3(RESC1608X55N)
Added Component: Designator=R12_MC4(RESC1608X55N)
Added Component: Designator=TR1_MC2(TRIM3224)
Added Component: Designator=TR1_MC3(TRIM3224)
Added Component: Designator=TR1_MC4(TRIM3224)
Added Component: Designator=U1_MC2(QFN-20 - 8mil Pad Spacing)
Added Component: Designator=U1_MC3(QFN-20 - 8mil Pad Spacing)
Added Component: Designator=U1_MC4(QFN-20 - 8mil Pad Spacing)
Added Pin To Net: NetName=VBAT Pin=C1_MC2-+
Added Pin To Net: NetName=GND Pin=C1_MC2--
Added Pin To Net: NetName=VBAT Pin=C1_MC3-+
Added Pin To Net: NetName=GND Pin=C1_MC3--
Added Pin To Net: NetName=VBAT Pin=C1_MC4-+
Added Pin To Net: NetName=GND Pin=C1_MC4--
Added Pin To Net: NetName=VBAT Pin=C2_MC2-1
Added Pin To Net: NetName=GND Pin=C2_MC2-2
Added Pin To Net: NetName=VBAT Pin=C2_MC3-1
Added Pin To Net: NetName=GND Pin=C2_MC3-2
Added Pin To Net: NetName=VBAT Pin=C2_MC4-1
Added Pin To Net: NetName=GND Pin=C2_MC4-2
Added Pin To Net: NetName=NetC3_MC2_1 Pin=C3_MC2-1
Added Pin To Net: NetName=NetC3_MC2_2 Pin=C3_MC2-2
Added Pin To Net: NetName=NetC3_MC3_1 Pin=C3_MC3-1
Added Pin To Net: NetName=NetC3_MC3_2 Pin=C3_MC3-2
Added Pin To Net: NetName=NetC3_MC4_1 Pin=C3_MC4-1
Added Pin To Net: NetName=NetC3_MC4_2 Pin=C3_MC4-2
Added Pin To Net: NetName=NetC4_MC2_1 Pin=C4_MC2-1
Added Pin To Net: NetName=GND Pin=C4_MC2-2
Added Pin To Net: NetName=NetC4_MC3_1 Pin=C4_MC3-1
Added Pin To Net: NetName=GND Pin=C4_MC3-2
Added Pin To Net: NetName=NetC4_MC4_1 Pin=C4_MC4-1
Added Pin To Net: NetName=GND Pin=C4_MC4-2
Added Pin To Net: NetName=NetC5_MC2_1 Pin=C5_MC2-1
Added Pin To Net: NetName=VBAT Pin=C5_MC2-2
Added Pin To Net: NetName=NetC5_MC3_1 Pin=C5_MC3-1
Added Pin To Net: NetName=VBAT Pin=C5_MC3-2
Added Pin To Net: NetName=NetC5_MC4_1 Pin=C5_MC4-1
Added Pin To Net: NetName=VBAT Pin=C5_MC4-2
Added Pin To Net: NetName=ENABLE2 Pin=EN_MC2-A
Added Pin To Net: NetName=NetEN_MC2_K Pin=EN_MC2-K
Added Pin To Net: NetName=ENABLE3 Pin=EN_MC3-A
Added Pin To Net: NetName=NetEN_MC3_K Pin=EN_MC3-K
Added Pin To Net: NetName=ENABLE4 Pin=EN_MC4-A
Added Pin To Net: NetName=NetEN_MC4_K Pin=EN_MC4-K
Added Pin To Net: NetName=NetMODE_MC2_1 Pin=MODE_MC2-1
Added Pin To Net: NetName=3.3V Pin=MODE_MC2-2
Added Pin To Net: NetName=NetMODE_MC3_1 Pin=MODE_MC3-1
Added Pin To Net: NetName=3.3V Pin=MODE_MC3-2
Added Pin To Net: NetName=NetMODE_MC4_1 Pin=MODE_MC4-1
Added Pin To Net: NetName=3.3V Pin=MODE_MC4-2
Added Pin To Net: NetName=A_OUT2 Pin=MTR1-1
Added Pin To Net: NetName=5V Pin=MTR1-2
Added Pin To Net: NetName=A_OUT2 Pin=MTR1-3
Added Pin To Net: NetName=GND Pin=MTR1-4
Added Pin To Net: NetName=B_OUT2 Pin=MTR1-5
Added Pin To Net: NetName=B_ENC2 Pin=MTR1-6
Added Pin To Net: NetName=B_OUT2 Pin=MTR1-7
Added Pin To Net: NetName=A_ENC2 Pin=MTR1-8
Added Pin To Net: NetName=A_OUT3 Pin=MTR2-1
Added Pin To Net: NetName=5V Pin=MTR2-2
Added Pin To Net: NetName=A_OUT3 Pin=MTR2-3
Added Pin To Net: NetName=GND Pin=MTR2-4
Added Pin To Net: NetName=B_OUT3 Pin=MTR2-5
Added Pin To Net: NetName=B_ENC3 Pin=MTR2-6
Added Pin To Net: NetName=B_OUT3 Pin=MTR2-7
Added Pin To Net: NetName=A_ENC3 Pin=MTR2-8
Added Pin To Net: NetName=A_OUT4 Pin=MTR3-1
Added Pin To Net: NetName=5V Pin=MTR3-2
Added Pin To Net: NetName=A_OUT4 Pin=MTR3-3
Added Pin To Net: NetName=GND Pin=MTR3-4
Added Pin To Net: NetName=B_OUT4 Pin=MTR3-5
Added Pin To Net: NetName=B_ENC4 Pin=MTR3-6
Added Pin To Net: NetName=B_OUT4 Pin=MTR3-7
Added Pin To Net: NetName=A_ENC4 Pin=MTR3-8
Added Pin To Net: NetName=ENABLE2 Pin=PH_MC2-A
Added Pin To Net: NetName=NetPH_MC2_K Pin=PH_MC2-K
Added Pin To Net: NetName=ENABLE3 Pin=PH_MC3-A
Added Pin To Net: NetName=NetPH_MC3_K Pin=PH_MC3-K
Added Pin To Net: NetName=ENABLE4 Pin=PH_MC4-A
Added Pin To Net: NetName=NetPH_MC4_K Pin=PH_MC4-K
Added Pin To Net: NetName=VBAT Pin=Q1_MC2-D
Added Pin To Net: NetName=VBAT Pin=Q1_MC2-D
Added Pin To Net: NetName=VBAT Pin=Q1_MC2-D
Added Pin To Net: NetName=VBAT Pin=Q1_MC2-D
Added Pin To Net: NetName=VBAT Pin=Q1_MC2-D
Added Pin To Net: NetName=NetQ1_MC2_G Pin=Q1_MC2-G
Added Pin To Net: NetName=A_OUT2 Pin=Q1_MC2-S
Added Pin To Net: NetName=A_OUT2 Pin=Q1_MC2-S
Added Pin To Net: NetName=A_OUT2 Pin=Q1_MC2-S
Added Pin To Net: NetName=VBAT Pin=Q1_MC3-D
Added Pin To Net: NetName=VBAT Pin=Q1_MC3-D
Added Pin To Net: NetName=VBAT Pin=Q1_MC3-D
Added Pin To Net: NetName=VBAT Pin=Q1_MC3-D
Added Pin To Net: NetName=VBAT Pin=Q1_MC3-D
Added Pin To Net: NetName=NetQ1_MC3_G Pin=Q1_MC3-G
Added Pin To Net: NetName=A_OUT3 Pin=Q1_MC3-S
Added Pin To Net: NetName=A_OUT3 Pin=Q1_MC3-S
Added Pin To Net: NetName=A_OUT3 Pin=Q1_MC3-S
Added Pin To Net: NetName=VBAT Pin=Q1_MC4-D
Added Pin To Net: NetName=VBAT Pin=Q1_MC4-D
Added Pin To Net: NetName=VBAT Pin=Q1_MC4-D
Added Pin To Net: NetName=VBAT Pin=Q1_MC4-D
Added Pin To Net: NetName=VBAT Pin=Q1_MC4-D
Added Pin To Net: NetName=NetQ1_MC4_G Pin=Q1_MC4-G
Added Pin To Net: NetName=A_OUT4 Pin=Q1_MC4-S
Added Pin To Net: NetName=A_OUT4 Pin=Q1_MC4-S
Added Pin To Net: NetName=A_OUT4 Pin=Q1_MC4-S
Added Pin To Net: NetName=VBAT Pin=Q2_MC2-D
Added Pin To Net: NetName=VBAT Pin=Q2_MC2-D
Added Pin To Net: NetName=VBAT Pin=Q2_MC2-D
Added Pin To Net: NetName=VBAT Pin=Q2_MC2-D
Added Pin To Net: NetName=VBAT Pin=Q2_MC2-D
Added Pin To Net: NetName=NetQ2_MC2_G Pin=Q2_MC2-G
Added Pin To Net: NetName=B_OUT2 Pin=Q2_MC2-S
Added Pin To Net: NetName=B_OUT2 Pin=Q2_MC2-S
Added Pin To Net: NetName=B_OUT2 Pin=Q2_MC2-S
Added Pin To Net: NetName=VBAT Pin=Q2_MC3-D
Added Pin To Net: NetName=VBAT Pin=Q2_MC3-D
Added Pin To Net: NetName=VBAT Pin=Q2_MC3-D
Added Pin To Net: NetName=VBAT Pin=Q2_MC3-D
Added Pin To Net: NetName=VBAT Pin=Q2_MC3-D
Added Pin To Net: NetName=NetQ2_MC3_G Pin=Q2_MC3-G
Added Pin To Net: NetName=B_OUT3 Pin=Q2_MC3-S
Added Pin To Net: NetName=B_OUT3 Pin=Q2_MC3-S
Added Pin To Net: NetName=B_OUT3 Pin=Q2_MC3-S
Added Pin To Net: NetName=VBAT Pin=Q2_MC4-D
Added Pin To Net: NetName=VBAT Pin=Q2_MC4-D
Added Pin To Net: NetName=VBAT Pin=Q2_MC4-D
Added Pin To Net: NetName=VBAT Pin=Q2_MC4-D
Added Pin To Net: NetName=VBAT Pin=Q2_MC4-D
Added Pin To Net: NetName=NetQ2_MC4_G Pin=Q2_MC4-G
Added Pin To Net: NetName=B_OUT4 Pin=Q2_MC4-S
Added Pin To Net: NetName=B_OUT4 Pin=Q2_MC4-S
Added Pin To Net: NetName=B_OUT4 Pin=Q2_MC4-S
Added Pin To Net: NetName=A_OUT2 Pin=Q3_MC2-D
Added Pin To Net: NetName=A_OUT2 Pin=Q3_MC2-D
Added Pin To Net: NetName=A_OUT2 Pin=Q3_MC2-D
Added Pin To Net: NetName=A_OUT2 Pin=Q3_MC2-D
Added Pin To Net: NetName=A_OUT2 Pin=Q3_MC2-D
Added Pin To Net: NetName=NetQ3_MC2_G Pin=Q3_MC2-G
Added Pin To Net: NetName=NetQ3_MC2_S Pin=Q3_MC2-S
Added Pin To Net: NetName=NetQ3_MC2_S Pin=Q3_MC2-S
Added Pin To Net: NetName=NetQ3_MC2_S Pin=Q3_MC2-S
Added Pin To Net: NetName=A_OUT3 Pin=Q3_MC3-D
Added Pin To Net: NetName=A_OUT3 Pin=Q3_MC3-D
Added Pin To Net: NetName=A_OUT3 Pin=Q3_MC3-D
Added Pin To Net: NetName=A_OUT3 Pin=Q3_MC3-D
Added Pin To Net: NetName=A_OUT3 Pin=Q3_MC3-D
Added Pin To Net: NetName=NetQ3_MC3_G Pin=Q3_MC3-G
Added Pin To Net: NetName=NetQ3_MC3_S Pin=Q3_MC3-S
Added Pin To Net: NetName=NetQ3_MC3_S Pin=Q3_MC3-S
Added Pin To Net: NetName=NetQ3_MC3_S Pin=Q3_MC3-S
Added Pin To Net: NetName=A_OUT4 Pin=Q3_MC4-D
Added Pin To Net: NetName=A_OUT4 Pin=Q3_MC4-D
Added Pin To Net: NetName=A_OUT4 Pin=Q3_MC4-D
Added Pin To Net: NetName=A_OUT4 Pin=Q3_MC4-D
Added Pin To Net: NetName=A_OUT4 Pin=Q3_MC4-D
Added Pin To Net: NetName=NetQ3_MC4_G Pin=Q3_MC4-G
Added Pin To Net: NetName=NetQ3_MC4_S Pin=Q3_MC4-S
Added Pin To Net: NetName=NetQ3_MC4_S Pin=Q3_MC4-S
Added Pin To Net: NetName=NetQ3_MC4_S Pin=Q3_MC4-S
Added Pin To Net: NetName=B_OUT2 Pin=Q4_MC2-D
Added Pin To Net: NetName=B_OUT2 Pin=Q4_MC2-D
Added Pin To Net: NetName=B_OUT2 Pin=Q4_MC2-D
Added Pin To Net: NetName=B_OUT2 Pin=Q4_MC2-D
Added Pin To Net: NetName=B_OUT2 Pin=Q4_MC2-D
Added Pin To Net: NetName=NetQ4_MC2_G Pin=Q4_MC2-G
Added Pin To Net: NetName=NetQ3_MC2_S Pin=Q4_MC2-S
Added Pin To Net: NetName=NetQ3_MC2_S Pin=Q4_MC2-S
Added Pin To Net: NetName=NetQ3_MC2_S Pin=Q4_MC2-S
Added Pin To Net: NetName=B_OUT3 Pin=Q4_MC3-D
Added Pin To Net: NetName=B_OUT3 Pin=Q4_MC3-D
Added Pin To Net: NetName=B_OUT3 Pin=Q4_MC3-D
Added Pin To Net: NetName=B_OUT3 Pin=Q4_MC3-D
Added Pin To Net: NetName=B_OUT3 Pin=Q4_MC3-D
Added Pin To Net: NetName=NetQ4_MC3_G Pin=Q4_MC3-G
Added Pin To Net: NetName=NetQ3_MC3_S Pin=Q4_MC3-S
Added Pin To Net: NetName=NetQ3_MC3_S Pin=Q4_MC3-S
Added Pin To Net: NetName=NetQ3_MC3_S Pin=Q4_MC3-S
Added Pin To Net: NetName=B_OUT4 Pin=Q4_MC4-D
Added Pin To Net: NetName=B_OUT4 Pin=Q4_MC4-D
Added Pin To Net: NetName=B_OUT4 Pin=Q4_MC4-D
Added Pin To Net: NetName=B_OUT4 Pin=Q4_MC4-D
Added Pin To Net: NetName=B_OUT4 Pin=Q4_MC4-D
Added Pin To Net: NetName=NetQ4_MC4_G Pin=Q4_MC4-G
Added Pin To Net: NetName=NetQ3_MC4_S Pin=Q4_MC4-S
Added Pin To Net: NetName=NetQ3_MC4_S Pin=Q4_MC4-S
Added Pin To Net: NetName=NetQ3_MC4_S Pin=Q4_MC4-S
Added Pin To Net: NetName=GND Pin=R1_MC2-1
Added Pin To Net: NetName=NetR1_MC2_2 Pin=R1_MC2-2
Added Pin To Net: NetName=GND Pin=R1_MC3-1
Added Pin To Net: NetName=NetR1_MC3_2 Pin=R1_MC3-2
Added Pin To Net: NetName=GND Pin=R1_MC4-1
Added Pin To Net: NetName=NetR1_MC4_2 Pin=R1_MC4-2
Added Pin To Net: NetName=NetC4_MC2_1 Pin=R2_MC2-1
Added Pin To Net: NetName=GND Pin=R2_MC2-2
Added Pin To Net: NetName=NetC4_MC3_1 Pin=R2_MC3-1
Added Pin To Net: NetName=GND Pin=R2_MC3-2
Added Pin To Net: NetName=NetC4_MC4_1 Pin=R2_MC4-1
Added Pin To Net: NetName=GND Pin=R2_MC4-2
Added Pin To Net: NetName=NetQ1_MC2_G Pin=R3_MC2-1
Added Pin To Net: NetName=GND Pin=R3_MC2-2
Added Pin To Net: NetName=NetQ1_MC3_G Pin=R3_MC3-1
Added Pin To Net: NetName=GND Pin=R3_MC3-2
Added Pin To Net: NetName=NetQ1_MC4_G Pin=R3_MC4-1
Added Pin To Net: NetName=GND Pin=R3_MC4-2
Added Pin To Net: NetName=NetQ2_MC2_G Pin=R4_MC2-1
Added Pin To Net: NetName=GND Pin=R4_MC2-2
Added Pin To Net: NetName=NetQ2_MC3_G Pin=R4_MC3-1
Added Pin To Net: NetName=GND Pin=R4_MC3-2
Added Pin To Net: NetName=NetQ2_MC4_G Pin=R4_MC4-1
Added Pin To Net: NetName=GND Pin=R4_MC4-2
Added Pin To Net: NetName=NetQ3_MC2_G Pin=R5_MC2-1
Added Pin To Net: NetName=GND Pin=R5_MC2-2
Added Pin To Net: NetName=NetQ3_MC3_G Pin=R5_MC3-1
Added Pin To Net: NetName=GND Pin=R5_MC3-2
Added Pin To Net: NetName=NetQ3_MC4_G Pin=R5_MC4-1
Added Pin To Net: NetName=GND Pin=R5_MC4-2
Added Pin To Net: NetName=NetQ4_MC2_G Pin=R6_MC2-1
Added Pin To Net: NetName=GND Pin=R6_MC2-2
Added Pin To Net: NetName=NetQ4_MC3_G Pin=R6_MC3-1
Added Pin To Net: NetName=GND Pin=R6_MC3-2
Added Pin To Net: NetName=NetQ4_MC4_G Pin=R6_MC4-1
Added Pin To Net: NetName=GND Pin=R6_MC4-2
Added Pin To Net: NetName=NetQ3_MC2_S Pin=R7_MC2-1
Added Pin To Net: NetName=GND Pin=R7_MC2-2
Added Pin To Net: NetName=NetQ3_MC3_S Pin=R7_MC3-1
Added Pin To Net: NetName=GND Pin=R7_MC3-2
Added Pin To Net: NetName=NetQ3_MC4_S Pin=R7_MC4-1
Added Pin To Net: NetName=GND Pin=R7_MC4-2
Added Pin To Net: NetName=NetMODE_MC2_1 Pin=R8_MC2-1
Added Pin To Net: NetName=GND Pin=R8_MC2-2
Added Pin To Net: NetName=NetMODE_MC3_1 Pin=R8_MC3-1
Added Pin To Net: NetName=GND Pin=R8_MC3-2
Added Pin To Net: NetName=NetMODE_MC4_1 Pin=R8_MC4-1
Added Pin To Net: NetName=GND Pin=R8_MC4-2
Added Pin To Net: NetName=NetPH_MC2_K Pin=R11_MC2-1
Added Pin To Net: NetName=GND Pin=R11_MC2-2
Added Pin To Net: NetName=NetPH_MC3_K Pin=R11_MC3-1
Added Pin To Net: NetName=GND Pin=R11_MC3-2
Added Pin To Net: NetName=NetPH_MC4_K Pin=R11_MC4-1
Added Pin To Net: NetName=GND Pin=R11_MC4-2
Added Pin To Net: NetName=NetEN_MC2_K Pin=R12_MC2-1
Added Pin To Net: NetName=GND Pin=R12_MC2-2
Added Pin To Net: NetName=NetEN_MC3_K Pin=R12_MC3-1
Added Pin To Net: NetName=GND Pin=R12_MC3-2
Added Pin To Net: NetName=NetEN_MC4_K Pin=R12_MC4-1
Added Pin To Net: NetName=GND Pin=R12_MC4-2
Added Pin To Net: NetName=GND Pin=TR1_MC2-1
Added Pin To Net: NetName=3.3V Pin=TR1_MC2-2
Added Pin To Net: NetName=NetTR1_MC2_W Pin=TR1_MC2-W
Added Pin To Net: NetName=GND Pin=TR1_MC3-1
Added Pin To Net: NetName=3.3V Pin=TR1_MC3-2
Added Pin To Net: NetName=NetTR1_MC3_W Pin=TR1_MC3-W
Added Pin To Net: NetName=GND Pin=TR1_MC4-1
Added Pin To Net: NetName=3.3V Pin=TR1_MC4-2
Added Pin To Net: NetName=NetTR1_MC4_W Pin=TR1_MC4-W
Added Pin To Net: NetName=NetR1_MC2_2 Pin=U1_MC2-1
Added Pin To Net: NetName=NetMODE_MC2_1 Pin=U1_MC2-2
Added Pin To Net: NetName=NetQ3_MC2_S Pin=U1_MC2-3
Added Pin To Net: NetName=NetQ3_MC2_G Pin=U1_MC2-4
Added Pin To Net: NetName=NetQ4_MC2_G Pin=U1_MC2-5
Added Pin To Net: NetName=NetQ1_MC2_G Pin=U1_MC2-6
Added Pin To Net: NetName=A_OUT2 Pin=U1_MC2-7
Added Pin To Net: NetName=NetQ2_MC2_G Pin=U1_MC2-8
Added Pin To Net: NetName=B_OUT2 Pin=U1_MC2-9
Added Pin To Net: NetName=NetC5_MC2_1 Pin=U1_MC2-10
Added Pin To Net: NetName=NetC3_MC2_1 Pin=U1_MC2-11
Added Pin To Net: NetName=VBAT Pin=U1_MC2-12
Added Pin To Net: NetName=NetC3_MC2_2 Pin=U1_MC2-13
Added Pin To Net: NetName=GND Pin=U1_MC2-14
Added Pin To Net: NetName=AIOUT2 Pin=U1_MC2-15
Added Pin To Net: NetName=NetU1_MC1_16 Pin=U1_MC2-16
Added Pin To Net: NetName=NetTR1_MC2_W Pin=U1_MC2-17
Added Pin To Net: NetName=ENABLE2 Pin=U1_MC2-18
Added Pin To Net: NetName=ENABLE2 Pin=U1_MC2-19
Added Pin To Net: NetName=NetC4_MC2_1 Pin=U1_MC2-20
Added Pin To Net: NetName=GND Pin=U1_MC2-21
Added Pin To Net: NetName=NetR1_MC3_2 Pin=U1_MC3-1
Added Pin To Net: NetName=NetMODE_MC3_1 Pin=U1_MC3-2
Added Pin To Net: NetName=NetQ3_MC3_S Pin=U1_MC3-3
Added Pin To Net: NetName=NetQ3_MC3_G Pin=U1_MC3-4
Added Pin To Net: NetName=NetQ4_MC3_G Pin=U1_MC3-5
Added Pin To Net: NetName=NetQ1_MC3_G Pin=U1_MC3-6
Added Pin To Net: NetName=A_OUT3 Pin=U1_MC3-7
Added Pin To Net: NetName=NetQ2_MC3_G Pin=U1_MC3-8
Added Pin To Net: NetName=B_OUT3 Pin=U1_MC3-9
Added Pin To Net: NetName=NetC5_MC3_1 Pin=U1_MC3-10
Added Pin To Net: NetName=NetC3_MC3_1 Pin=U1_MC3-11
Added Pin To Net: NetName=VBAT Pin=U1_MC3-12
Added Pin To Net: NetName=NetC3_MC3_2 Pin=U1_MC3-13
Added Pin To Net: NetName=GND Pin=U1_MC3-14
Added Pin To Net: NetName=AIOUT3 Pin=U1_MC3-15
Added Pin To Net: NetName=NetU1_MC1_16 Pin=U1_MC3-16
Added Pin To Net: NetName=NetTR1_MC3_W Pin=U1_MC3-17
Added Pin To Net: NetName=ENABLE3 Pin=U1_MC3-18
Added Pin To Net: NetName=ENABLE3 Pin=U1_MC3-19
Added Pin To Net: NetName=NetC4_MC3_1 Pin=U1_MC3-20
Added Pin To Net: NetName=GND Pin=U1_MC3-21
Added Pin To Net: NetName=NetR1_MC4_2 Pin=U1_MC4-1
Added Pin To Net: NetName=NetMODE_MC4_1 Pin=U1_MC4-2
Added Pin To Net: NetName=NetQ3_MC4_S Pin=U1_MC4-3
Added Pin To Net: NetName=NetQ3_MC4_G Pin=U1_MC4-4
Added Pin To Net: NetName=NetQ4_MC4_G Pin=U1_MC4-5
Added Pin To Net: NetName=NetQ1_MC4_G Pin=U1_MC4-6
Added Pin To Net: NetName=A_OUT4 Pin=U1_MC4-7
Added Pin To Net: NetName=NetQ2_MC4_G Pin=U1_MC4-8
Added Pin To Net: NetName=B_OUT4 Pin=U1_MC4-9
Added Pin To Net: NetName=NetC5_MC4_1 Pin=U1_MC4-10
Added Pin To Net: NetName=NetC3_MC4_1 Pin=U1_MC4-11
Added Pin To Net: NetName=VBAT Pin=U1_MC4-12
Added Pin To Net: NetName=NetC3_MC4_2 Pin=U1_MC4-13
Added Pin To Net: NetName=GND Pin=U1_MC4-14
Added Pin To Net: NetName=AIOUT4 Pin=U1_MC4-15
Added Pin To Net: NetName=NetU1_MC1_16 Pin=U1_MC4-16
Added Pin To Net: NetName=NetTR1_MC4_W Pin=U1_MC4-17
Added Pin To Net: NetName=ENABLE4 Pin=U1_MC4-18
Added Pin To Net: NetName=ENABLE4 Pin=U1_MC4-19
Added Pin To Net: NetName=NetC4_MC4_1 Pin=U1_MC4-20
Added Pin To Net: NetName=GND Pin=U1_MC4-21
Added Member To Class: ClassName=MC2 Member=Component C1_MC2 (C1) UUD1C221MCL1GS
Added Member To Class: ClassName=MC3 Member=Component C1_MC3 (C1) UUD1C221MCL1GS
Added Member To Class: ClassName=MC4 Member=Component C1_MC4 (C1) UUD1C221MCL1GS
Added Member To Class: ClassName=MC2 Member=Component C2_MC2 (C2) 10uF
Added Member To Class: ClassName=MC3 Member=Component C2_MC3 (C2) 10uF
Added Member To Class: ClassName=MC4 Member=Component C2_MC4 (C2) 10uF
Added Member To Class: ClassName=MC2 Member=Component C3_MC2 (C3) 100nF
Added Member To Class: ClassName=MC3 Member=Component C3_MC3 (C3) 100nF
Added Member To Class: ClassName=MC4 Member=Component C3_MC4 (C3) 100nF
Added Member To Class: ClassName=MC2 Member=Component C4_MC2 (C4) 1nF
Added Member To Class: ClassName=MC3 Member=Component C4_MC3 (C4) 1nF
Added Member To Class: ClassName=MC4 Member=Component C4_MC4 (C4) 1nF
Added Member To Class: ClassName=MC2 Member=Component C5_MC2 (C5) 100nF
Added Member To Class: ClassName=MC3 Member=Component C5_MC3 (C5) 100nF
Added Member To Class: ClassName=MC4 Member=Component C5_MC4 (C5) 100nF
Added Member To Class: ClassName=MC2 Member=Component EN_MC2 (EN) Green
Added Member To Class: ClassName=MC3 Member=Component EN_MC3 (EN) Green
Added Member To Class: ClassName=MC4 Member=Component EN_MC4 (EN) Green
Added Member To Class: ClassName=MC2 Member=Component MODE_MC2 (MODE) Jumper
Added Member To Class: ClassName=MC3 Member=Component MODE_MC3 (MODE) Jumper
Added Member To Class: ClassName=MC4 Member=Component MODE_MC4 (MODE) Jumper
Added Member To Class: ClassName=Main Member=Component MTR1 B08B-PNDZS-1
Added Member To Class: ClassName=Main Member=Component MTR2 B08B-PNDZS-1
Added Member To Class: ClassName=Main Member=Component MTR3 B08B-PNDZS-1
Added Member To Class: ClassName=MC2 Member=Component PH_MC2 (PH) Green
Added Member To Class: ClassName=MC3 Member=Component PH_MC3 (PH) Green
Added Member To Class: ClassName=MC4 Member=Component PH_MC4 (PH) Green
Added Member To Class: ClassName=MC2 Member=Component Q1_MC2 (Q1) SIS406DN
Added Member To Class: ClassName=MC3 Member=Component Q1_MC3 (Q1) SIS406DN
Added Member To Class: ClassName=MC4 Member=Component Q1_MC4 (Q1) SIS406DN
Added Member To Class: ClassName=MC2 Member=Component Q2_MC2 (Q2) SIS406DN
Added Member To Class: ClassName=MC3 Member=Component Q2_MC3 (Q2) SIS406DN
Added Member To Class: ClassName=MC4 Member=Component Q2_MC4 (Q2) SIS406DN
Added Member To Class: ClassName=MC2 Member=Component Q3_MC2 (Q3) SIS406DN
Added Member To Class: ClassName=MC3 Member=Component Q3_MC3 (Q3) SIS406DN
Added Member To Class: ClassName=MC4 Member=Component Q3_MC4 (Q3) SIS406DN
Added Member To Class: ClassName=MC2 Member=Component Q4_MC2 (Q4) SIS406DN
Added Member To Class: ClassName=MC3 Member=Component Q4_MC3 (Q4) SIS406DN
Added Member To Class: ClassName=MC4 Member=Component Q4_MC4 (Q4) SIS406DN
Added Member To Class: ClassName=MC2 Member=Component R1_MC2 (R1) 20K
Added Member To Class: ClassName=MC3 Member=Component R1_MC3 (R1) 20K
Added Member To Class: ClassName=MC4 Member=Component R1_MC4 (R1) 20K
Added Member To Class: ClassName=MC2 Member=Component R2_MC2 (R2) 20K
Added Member To Class: ClassName=MC3 Member=Component R2_MC3 (R2) 20K
Added Member To Class: ClassName=MC4 Member=Component R2_MC4 (R2) 20K
Added Member To Class: ClassName=MC2 Member=Component R3_MC2 (R3) Thick Film
Added Member To Class: ClassName=MC3 Member=Component R3_MC3 (R3) Thick Film
Added Member To Class: ClassName=MC4 Member=Component R3_MC4 (R3) Thick Film
Added Member To Class: ClassName=MC2 Member=Component R4_MC2 (R4) Thick Film
Added Member To Class: ClassName=MC3 Member=Component R4_MC3 (R4) Thick Film
Added Member To Class: ClassName=MC4 Member=Component R4_MC4 (R4) Thick Film
Added Member To Class: ClassName=MC2 Member=Component R5_MC2 (R5) Thick Film
Added Member To Class: ClassName=MC3 Member=Component R5_MC3 (R5) Thick Film
Added Member To Class: ClassName=MC4 Member=Component R5_MC4 (R5) Thick Film
Added Member To Class: ClassName=MC2 Member=Component R6_MC2 (R6) Thick Film
Added Member To Class: ClassName=MC3 Member=Component R6_MC3 (R6) Thick Film
Added Member To Class: ClassName=MC4 Member=Component R6_MC4 (R6) Thick Film
Added Member To Class: ClassName=MC2 Member=Component R7_MC2 (R7) WSL2512R0150FEA18
Added Member To Class: ClassName=MC3 Member=Component R7_MC3 (R7) WSL2512R0150FEA18
Added Member To Class: ClassName=MC4 Member=Component R7_MC4 (R7) WSL2512R0150FEA18
Added Member To Class: ClassName=MC2 Member=Component R8_MC2 (R8) Thick Film
Added Member To Class: ClassName=MC3 Member=Component R8_MC3 (R8) Thick Film
Added Member To Class: ClassName=MC4 Member=Component R8_MC4 (R8) Thick Film
Added Member To Class: ClassName=MC2 Member=Component R11_MC2 (R11) Thick Film
Added Member To Class: ClassName=MC3 Member=Component R11_MC3 (R11) Thick Film
Added Member To Class: ClassName=MC4 Member=Component R11_MC4 (R11) Thick Film
Added Member To Class: ClassName=MC2 Member=Component R12_MC2 (R12) Thick Film
Added Member To Class: ClassName=MC3 Member=Component R12_MC3 (R12) Thick Film
Added Member To Class: ClassName=MC4 Member=Component R12_MC4 (R12) Thick Film
Added Member To Class: ClassName=MC2 Member=Component TR1_MC2 (TR1) 10k
Added Member To Class: ClassName=MC3 Member=Component TR1_MC3 (TR1) 10k
Added Member To Class: ClassName=MC4 Member=Component TR1_MC4 (TR1) 10k
Added Member To Class: ClassName=MC2 Member=Component U1_MC2 (U1) A4956
Added Member To Class: ClassName=MC3 Member=Component U1_MC3 (U1) A4956
Added Member To Class: ClassName=MC4 Member=Component U1_MC4 (U1) A4956
Added Room: Name=MC2
Added Room: Name=MC3
Added Room: Name=MC4
