Replace Part C6 CAPC_470n_0805_X7R_16V_10% in C:\Users\Ryan\Real Documents\Engineering Projects\IEEE-Robot\IEEE_Robot_Mainboard\Power.schdoc with CAPC_470n_0805_X7R_16V_10% from PBL - Capacitors.SCHLIB
Replace Part C7 CAPC_1n_0603_X7R_100V_10% in C:\Users\Ryan\Real Documents\Engineering Projects\IEEE-Robot\IEEE_Robot_Mainboard\Power.schdoc with CAPC_1n_0603_X7R_100V_10% from PBL - Capacitors.SCHLIB
Replace Part C8 CAPC_10u_1206_16V in C:\Users\Ryan\Real Documents\Engineering Projects\IEEE-Robot\IEEE_Robot_Mainboard\Power.schdoc with CAPC_10u_1206_16V from PBL - Capacitors.SCHLIB
Replace Part C9 CAPC_10u_1206_16V in C:\Users\Ryan\Real Documents\Engineering Projects\IEEE-Robot\IEEE_Robot_Mainboard\Power.schdoc with CAPC_10u_1206_16V from PBL - Capacitors.SCHLIB
Replace Part C10 CAPC_10u_1206_16V in C:\Users\Ryan\Real Documents\Engineering Projects\IEEE-Robot\IEEE_Robot_Mainboard\Power.schdoc with CAPC_10u_1206_16V from PBL - Capacitors.SCHLIB
Replace Part C11 CAPC_2n4_50V_0603 in C:\Users\Ryan\Real Documents\Engineering Projects\IEEE-Robot\IEEE_Robot_Mainboard\Power.schdoc with CAPC_2n4_50V_0603 from PBL - Capacitors.SCHLIB
Replace Part C12 CAPC_47u_1210_10V_X5R_10% in C:\Users\Ryan\Real Documents\Engineering Projects\IEEE-Robot\IEEE_Robot_Mainboard\Power.schdoc with CAPC_47u_1210_10V_X5R_10% from PBL - Capacitors.SCHLIB
Replace Part C13 NICHICON_220uF_16V in C:\Users\Ryan\Real Documents\Engineering Projects\IEEE-Robot\IEEE_Robot_Mainboard\Power.schdoc with NICHICON_220uF_16V from SMD Capacitors Electrolytic.SchLib
Replace Part C35 NICHICON_220uF_16V in C:\Users\Ryan\Real Documents\Engineering Projects\IEEE-Robot\IEEE_Robot_Mainboard\Power.schdoc with NICHICON_220uF_16V from SMD Capacitors Electrolytic.SchLib
Replace Part C36 NICHICON_220uF_16V in C:\Users\Ryan\Real Documents\Engineering Projects\IEEE-Robot\IEEE_Robot_Mainboard\Power.schdoc with NICHICON_220uF_16V from SMD Capacitors Electrolytic.SchLib
Replace Part C37 NICHICON_220uF_16V in C:\Users\Ryan\Real Documents\Engineering Projects\IEEE-Robot\IEEE_Robot_Mainboard\Power.schdoc with NICHICON_220uF_16V from SMD Capacitors Electrolytic.SchLib
Replace Part C38 NICHICON_220uF_16V in C:\Users\Ryan\Real Documents\Engineering Projects\IEEE-Robot\IEEE_Robot_Mainboard\Power.schdoc with NICHICON_220uF_16V from SMD Capacitors Electrolytic.SchLib
Replace Part C39 NICHICON_220uF_16V in C:\Users\Ryan\Real Documents\Engineering Projects\IEEE-Robot\IEEE_Robot_Mainboard\Power.schdoc with NICHICON_220uF_16V from SMD Capacitors Electrolytic.SchLib
Replace Part C40 NICHICON_220uF_16V in C:\Users\Ryan\Real Documents\Engineering Projects\IEEE-Robot\IEEE_Robot_Mainboard\Power.schdoc with NICHICON_220uF_16V from SMD Capacitors Electrolytic.SchLib
Replace Part C41 NICHICON_220uF_16V in C:\Users\Ryan\Real Documents\Engineering Projects\IEEE-Robot\IEEE_Robot_Mainboard\Power.schdoc with NICHICON_220uF_16V from SMD Capacitors Electrolytic.SchLib
Replace Part D1 B340LA-13-F in C:\Users\Ryan\Real Documents\Engineering Projects\IEEE-Robot\IEEE_Robot_Mainboard\Power.schdoc with B340LA-13-F from 2016-02-21_13-02-55.SchLib
Replace Part J18 CONN_2_JST B2B-XH-A in C:\Users\Ryan\Real Documents\Engineering Projects\IEEE-Robot\IEEE_Robot_Mainboard\Power.schdoc with CONN_2_JST B2B-XH-A from RyanMasterLib.SchLib
Replace Part J19 CONN_2_JST B2B-XH-A in C:\Users\Ryan\Real Documents\Engineering Projects\IEEE-Robot\IEEE_Robot_Mainboard\Power.schdoc with CONN_2_JST B2B-XH-A from RyanMasterLib.SchLib
Replace Part J20 CONN_2_JST B2B-XH-A in C:\Users\Ryan\Real Documents\Engineering Projects\IEEE-Robot\IEEE_Robot_Mainboard\Power.schdoc with CONN_2_JST B2B-XH-A from RyanMasterLib.SchLib
Replace Part J21 CONN_2_JST B2B-XH-A in C:\Users\Ryan\Real Documents\Engineering Projects\IEEE-Robot\IEEE_Robot_Mainboard\Power.schdoc with CONN_2_JST B2B-XH-A from RyanMasterLib.SchLib
Replace Part J22 CONN_2_JST B2B-XH-A in C:\Users\Ryan\Real Documents\Engineering Projects\IEEE-Robot\IEEE_Robot_Mainboard\Power.schdoc with CONN_2_JST B2B-XH-A from RyanMasterLib.SchLib
Replace Part J23 CONN_2_JST B2B-XH-A in C:\Users\Ryan\Real Documents\Engineering Projects\IEEE-Robot\IEEE_Robot_Mainboard\Power.schdoc with CONN_2_JST B2B-XH-A from RyanMasterLib.SchLib
Replace Part L1 74437368022 in C:\Users\Ryan\Real Documents\Engineering Projects\IEEE-Robot\IEEE_Robot_Mainboard\Power.schdoc with 74437368022 from 2016-02-21_13-02-55.SchLib
Replace Part Q5 CSD25402Q3A in C:\Users\Ryan\Real Documents\Engineering Projects\IEEE-Robot\IEEE_Robot_Mainboard\Power.schdoc with CSD25402Q3A from 2016-02-21_13-02-55.SchLib
Replace Part R19 CSR1206FK10L0 in C:\Users\Ryan\Real Documents\Engineering Projects\IEEE-Robot\IEEE_Robot_Mainboard\Power.schdoc with CSR1206FK10L0 from 2016-02-21_13-02-55.SchLib
Replace Part R20 RES_2.21K_0603_1% in C:\Users\Ryan\Real Documents\Engineering Projects\IEEE-Robot\IEEE_Robot_Mainboard\Power.schdoc with RES_2.21K_0603_1% from PBL - Resistors.SCHLIB
Replace Part R21 RES_35.7K_0603_1% in C:\Users\Ryan\Real Documents\Engineering Projects\IEEE-Robot\IEEE_Robot_Mainboard\Power.schdoc with RES_35.7K_0603_1% from PBL - Resistors.SCHLIB
Replace Part R22 RES_10K_0603_1% in C:\Users\Ryan\Real Documents\Engineering Projects\IEEE-Robot\IEEE_Robot_Mainboard\Power.schdoc with RES_10K_0603_1% from PBL - Resistors.SCHLIB
Replace Part R23 RES_2K2_0603_1% in C:\Users\Ryan\Real Documents\Engineering Projects\IEEE-Robot\IEEE_Robot_Mainboard\Power.schdoc with RES_2K2_0603_1% from PBL - Resistors.SCHLIB
Replace Part U5 LM25085AMY/NOPB in C:\Users\Ryan\Real Documents\Engineering Projects\IEEE-Robot\IEEE_Robot_Mainboard\Power.schdoc with LM25085AMY/NOPB from 2016-02-21_13-02-55.SchLib
Replace Part U6 LD1085D2T33R in C:\Users\Ryan\Real Documents\Engineering Projects\IEEE-Robot\IEEE_Robot_Mainboard\Power.schdoc with LD1085D2T33R from PBL - Regulators.SCHLIB
